{"logTime": "0501/175253", "correlationVector":"iyDw9RoxF45c/D80bOF90V.20","action":"GetUpdates", "result":"DeleteReceived", "context":{"id":"f54c2610-7d26-4532-bcc8-adeee1d6579f", "isDeleted:":"true", "version":"1697727863675"}}
{"logTime": "0501/175253", "correlationVector":"iyDw9RoxF45c/D80bOF90V.21","action":"GetUpdates", "result":"DeleteReceived", "context":{"id":"c233e2ff-daa5-4b89-b548-4f06ab739803", "isDeleted:":"true", "version":"1697727864689"}}
{"logTime": "0501/175253", "correlationVector":"iyDw9RoxF45c/D80bOF90V.22","action":"GetUpdates", "result":"DeleteReceived", "context":{"id":"7edefbd3-8a28-4b2b-a287-2a07095501a9", "isDeleted:":"true", "version":"1697727865191"}}
{"logTime": "0501/175253", "correlationVector":"iyDw9RoxF45c/D80bOF90V.23","action":"GetUpdates", "result":"DeleteReceived", "context":{"id":"d9bfd5d9-ca6b-405a-b9e1-ffcdc2b5c0d4", "isDeleted:":"true", "version":"1697727866283"}}
{"logTime": "0501/175253", "correlationVector":"iyDw9RoxF45c/D80bOF90V.24","action":"GetUpdates", "result":"DeleteReceived", "context":{"id":"bf000734-9615-4ce7-a36b-746846bef560", "isDeleted:":"true", "version":"1697727866830"}}
{"logTime": "0501/175253", "correlationVector":"iyDw9RoxF45c/D80bOF90V.25","action":"GetUpdates", "result":"DeleteReceived", "context":{"id":"a8584b57-f272-4c0d-a10c-64dcb14ab8fd", "isDeleted:":"true", "version":"1697727868396"}}
{"logTime": "0501/175253", "correlationVector":"iyDw9RoxF45c/D80bOF90V.26","action":"GetUpdates", "result":"DeleteReceived", "context":{"id":"4debfe81-06d9-4b5d-87cf-d771098d0c86", "isDeleted:":"true", "version":"1697727869449"}}
{"logTime": "0501/175253", "correlationVector":"iyDw9RoxF45c/D80bOF90V.27","action":"GetUpdates", "result":"DeleteReceived", "context":{"id":"bc8af6c8-6abe-46c3-b005-07e012f32710", "isDeleted:":"true", "version":"1697727874711"}}
{"logTime": "0501/175253", "correlationVector":"iyDw9RoxF45c/D80bOF90V.28","action":"GetUpdates", "result":"DeleteReceived", "context":{"id":"e071511b-0104-42e0-86a3-d3d8e5e59a3b", "isDeleted:":"true", "version":"1697727875612"}}
{"logTime": "0501/175253", "correlationVector":"iyDw9RoxF45c/D80bOF90V.29","action":"GetUpdates", "result":"DeleteReceived", "context":{"id":"fdfd6caa-d67d-4e20-a3b8-3c0e58f91f3f", "isDeleted:":"true", "version":"1697727879317"}}
{"logTime": "0501/175253", "correlationVector":"iyDw9RoxF45c/D80bOF90V.30","action":"GetUpdates", "result":"DeleteReceived", "context":{"id":"046acf4b-d93a-434a-b2ec-fa271ea690f4", "isDeleted:":"true", "version":"1697727880184"}}
{"logTime": "0501/175253", "correlationVector":"iyDw9RoxF45c/D80bOF90V.31","action":"GetUpdates", "result":"DeleteReceived", "context":{"id":"1e0f6040-c47e-4620-939b-17f0d16a0c64", "isDeleted:":"true", "version":"1697727880751"}}
{"logTime": "0501/175253", "correlationVector":"iyDw9RoxF45c/D80bOF90V.32","action":"GetUpdates", "result":"DeleteReceived", "context":{"id":"7b024b68-8729-4a23-b24c-5b19e410d38d", "isDeleted:":"true", "version":"1697727881614"}}
{"logTime": "0501/175253", "correlationVector":"iyDw9RoxF45c/D80bOF90V.33","action":"GetUpdates", "result":"DeleteReceived", "context":{"id":"6ee034ce-f998-4bf9-a7f8-5b959fb37d43", "isDeleted:":"true", "version":"1697727882775"}}
{"logTime": "0501/175253", "correlationVector":"iyDw9RoxF45c/D80bOF90V.34","action":"GetUpdates", "result":"DeleteReceived", "context":{"id":"b2c1fc77-2a9a-4f2f-8189-6e00283ba490", "isDeleted:":"true", "version":"1697727884437"}}
{"logTime": "0501/175253", "correlationVector":"iyDw9RoxF45c/D80bOF90V.35","action":"GetUpdates", "result":"DeleteReceived", "context":{"id":"928a4c2d-51ca-4cf2-9569-fa8fc3bb3cdf", "isDeleted:":"true", "version":"1697727885668"}}
{"logTime": "0501/175253", "correlationVector":"iyDw9RoxF45c/D80bOF90V.36","action":"GetUpdates", "result":"DeleteReceived", "context":{"id":"eb0e5cda-718a-4aeb-8c2b-e2e910a0d180", "isDeleted:":"true", "version":"1697727886229"}}
{"logTime": "0501/175253", "correlationVector":"iyDw9RoxF45c/D80bOF90V.37","action":"GetUpdates", "result":"DeleteReceived", "context":{"id":"28f8e1ac-6469-4ac1-a0b2-996be618fd8d", "isDeleted:":"true", "version":"1697727917468"}}
{"logTime": "0501/175253", "correlationVector":"iyDw9RoxF45c/D80bOF90V.38","action":"GetUpdates", "result":"DeleteReceived", "context":{"id":"d78038bb-f22c-4ba3-82ed-98cb40f5b144", "isDeleted:":"true", "version":"1697727918346"}}
{"logTime": "0501/175253", "correlationVector":"iyDw9RoxF45c/D80bOF90V.39","action":"GetUpdates", "result":"DeleteReceived", "context":{"id":"9a5f9d4c-7427-4100-acf4-1534b936d526", "isDeleted:":"true", "version":"1697727919630"}}
{"logTime": "0501/175253", "correlationVector":"iyDw9RoxF45c/D80bOF90V.40","action":"GetUpdates", "result":"DeleteReceived", "context":{"id":"83c0e0fe-8a7d-47fa-a3cd-1945eda780ae", "isDeleted:":"true", "version":"1697727920753"}}
{"logTime": "0501/175253", "correlationVector":"iyDw9RoxF45c/D80bOF90V.41","action":"GetUpdates", "result":"DeleteReceived", "context":{"id":"bc0a4729-3227-4118-bce6-5baa82d96b8b", "isDeleted:":"true", "version":"1697727921315"}}
{"logTime": "0501/175253", "correlationVector":"iyDw9RoxF45c/D80bOF90V.42","action":"GetUpdates", "result":"DeleteReceived", "context":{"id":"06eebd10-61d2-4c98-a06d-f0234c858714", "isDeleted:":"true", "version":"1697727922971"}}
{"logTime": "0501/175253", "correlationVector":"iyDw9RoxF45c/D80bOF90V.43","action":"GetUpdates", "result":"DeleteReceived", "context":{"id":"963c98db-c4e4-40a9-86fe-59b74c67c9df", "isDeleted:":"true", "version":"1697727923659"}}
{"logTime": "0501/175253", "correlationVector":"iyDw9RoxF45c/D80bOF90V.44","action":"GetUpdates", "result":"DeleteReceived", "context":{"id":"b94e9e30-a9b0-44bf-9709-f7d7c5084a3c", "isDeleted:":"true", "version":"1697727924192"}}
{"logTime": "0501/175253", "correlationVector":"iyDw9RoxF45c/D80bOF90V.45","action":"GetUpdates", "result":"DeleteReceived", "context":{"id":"e0f4e627-725b-4177-8100-91345a3b7f6d", "isDeleted:":"true", "version":"1699374496460"}}
{"logTime": "0501/175253", "correlationVector":"iyDw9RoxF45c/D80bOF90V.46","action":"GetUpdates", "result":"DeleteReceived", "context":{"id":"e38fba30-2085-423c-bc7d-5d61952e6367", "isDeleted:":"true", "version":"1699374496461"}}
{"logTime": "0501/175253", "correlationVector":"iyDw9RoxF45c/D80bOF90V.47","action":"GetUpdates", "result":"DeleteReceived", "context":{"id":"5b5fe51a-0e63-4819-97b7-2abeedefd423", "isDeleted:":"true", "version":"1702756796371"}}
{"logTime": "0501/175253", "correlationVector":"iyDw9RoxF45c/D80bOF90V.48","action":"GetUpdates", "result":"DeleteReceived", "context":{"id":"9535bb30-b914-454c-b822-0f744d5529d7", "isDeleted:":"true", "version":"1702756796962"}}
{"logTime": "0501/175253", "correlationVector":"iyDw9RoxF45c/D80bOF90V.49","action":"GetUpdates", "result":"DeleteReceived", "context":{"id":"887f478b-6bfa-4cfe-a672-8d24ca3feed5", "isDeleted:":"true", "version":"1702756841001"}}
{"logTime": "0501/175253", "correlationVector":"iyDw9RoxF45c/D80bOF90V.50","action":"GetUpdates", "result":"DeleteReceived", "context":{"id":"d002a229-7fde-4e38-8834-c78048a63e69", "isDeleted:":"true", "version":"1708693859049"}}
{"logTime": "0501/175253", "correlationVector":"iyDw9RoxF45c/D80bOF90V.51","action":"GetUpdates", "result":"DeleteReceived", "context":{"id":"5cf1f4e1-63e6-405f-b8c1-d65006d9a43e", "isDeleted:":"true", "version":"1708693859857"}}
{"logTime": "0501/175253", "correlationVector":"iyDw9RoxF45c/D80bOF90V.52","action":"GetUpdates", "result":"DeleteReceived", "context":{"id":"88470d43-ee5e-4415-bfa3-e4e7d357dd6a", "isDeleted:":"true", "version":"1708693860424"}}
{"logTime": "0501/175253", "correlationVector":"iyDw9RoxF45c/D80bOF90V.53","action":"GetUpdates", "result":"DeleteReceived", "context":{"id":"13c99108-226e-452f-a990-2b627b92d4da", "isDeleted:":"true", "version":"1713741887404"}}
{"logTime": "0501/175253", "correlationVector":"iyDw9RoxF45c/D80bOF90V.54","action":"GetUpdates Response", "result":"Success", "context":Received 142 update(s). cV=iyDw9RoxF45c/D80bOF90V.0;server=GENERAL0100000W;cloudType=Consumer;environment=Prod_WestEurope_000l;migrationStage=NotStarted}
{"logTime": "0501/175253", "correlationVector":"4lryahCtCQBgz2vn9XLhpP","action":"SyncServerConnectionManagerRequest", "result":"SYNC_SERVER_OK", "context":{"environment":"", "migrationStage":"", "server":""}}
{"logTime": "0501/175253", "correlationVector":"X1iouHMXEhH0FyF3GYMGGD","action":"Initial GetUpdates", "result":"", "context":Reason: NEWLY_SUPPORTED_DATATYPE. cV=X1iouHMXEhH0FyF3GYMGGD}
{"logTime": "0501/175253", "correlationVector":"X1iouHMXEhH0FyF3GYMGGD.1","action":"SyncServerConnectionManagerRequest", "result":"SYNC_SERVER_OK", "context":{"environment":"Prod_WestEurope_x00e", "migrationStage":"NotStarted", "server":"general0100002F"}}
{"logTime": "0501/175253", "correlationVector":"X1iouHMXEhH0FyF3GYMGGD.2","action":"GetUpdates Response", "result":"Success", "context":Received 0 update(s). cV=X1iouHMXEhH0FyF3GYMGGD.0;server=general0100002F;cloudType=Consumer;environment=Prod_WestEurope_x00e;migrationStage=NotStarted}
{"logTime": "0501/175253", "correlationVector":"pcC0UnzM/fin16bjIlFg3L","action":"Normal GetUpdate request", "result":"", "context":cV=pcC0UnzM/fin16bjIlFg3L
Nudged types: Sessions
Refresh requested types: Bookmarks, Preferences, Passwords, Autofill Profiles, Autofill, Typed URLs, Extensions, Sessions, Extension settings, History Delete Directives, Device Info, User Consents, Send Tab To Self, Web Apps, Collection, Edge E Drop, Edge Hub App Usage, Edge Tab Group, Edge Wallet, Encryption Keys}
{"logTime": "0501/175253", "correlationVector":"pcC0UnzM/fin16bjIlFg3L.1","action":"SyncServerConnectionManagerRequest", "result":"SYNC_SERVER_OK", "context":{"environment":"Prod_WestEurope_000l", "migrationStage":"NotStarted", "server":"GENERAL0100001Z"}}
{"logTime": "0501/175253", "correlationVector":"pcC0UnzM/fin16bjIlFg3L.2","action":"GetUpdates Response", "result":"Success", "context":Received 0 update(s). cV=pcC0UnzM/fin16bjIlFg3L.0;server=GENERAL0100001Z;cloudType=Consumer;environment=Prod_WestEurope_000l;migrationStage=NotStarted}
{"logTime": "0501/175253", "correlationVector":"EQdKO4Ob8pH3J3c4eKoOCd","action":"Commit Request", "result":"", "context":Item count: 3
Contributing types: Sessions}
{"logTime": "0501/175253", "correlationVector":"EQdKO4Ob8pH3J3c4eKoOCd.1","action":"SyncServerConnectionManagerRequest", "result":"SYNC_SERVER_OK", "context":{"environment":"Prod_WestEurope_000l", "migrationStage":"NotStarted", "server":"GENERAL0100000T"}}
{"logTime": "0501/175253", "correlationVector":"EQdKO4Ob8pH3J3c4eKoOCd.3","action":"Commit.Sessions", "result":"Success", "context":{"id":"294582d0-fc53-4f06-89fa-2d2de7ef868b", "isDeleted":"true", "size":"0", "version":"1714585849819"}}
{"logTime": "0501/175253", "correlationVector":"EQdKO4Ob8pH3J3c4eKoOCd.2","action":"Commit Response", "result":"Success", "context":Result: Success. cV=EQdKO4Ob8pH3J3c4eKoOCd.0;server=GENERAL0100000T;cloudType=Consumer;environment=Prod_WestEurope_000l;migrationStage=NotStarted}
{"logTime": "0501/175255", "correlationVector":"6Jbtw+lFh4D3QI/Vt/2O+N","action":"Normal GetUpdate request", "result":"", "context":cV=6Jbtw+lFh4D3QI/Vt/2O+N
Nudged types: Preferences, Sessions}
{"logTime": "0501/175256", "correlationVector":"6Jbtw+lFh4D3QI/Vt/2O+N.1","action":"SyncServerConnectionManagerRequest", "result":"SYNC_SERVER_OK", "context":{"environment":"Prod_WestEurope_000l", "migrationStage":"NotStarted", "server":"GENERAL0100000G"}}
{"logTime": "0501/175256", "correlationVector":"6Jbtw+lFh4D3QI/Vt/2O+N.2","action":"GetUpdates", "result":"DeleteReceived", "context":{"id":"294582d0-fc53-4f06-89fa-2d2de7ef868b", "isDeleted:":"true", "version":"1714585966333"}}
{"logTime": "0501/175256", "correlationVector":"6Jbtw+lFh4D3QI/Vt/2O+N.3","action":"GetUpdates Response", "result":"Success", "context":Received 3 update(s). cV=6Jbtw+lFh4D3QI/Vt/2O+N.0;server=GENERAL0100000G;cloudType=Consumer;environment=Prod_WestEurope_000l;migrationStage=NotStarted}
{"logTime": "0501/175256", "correlationVector":"6/9MTuUtRQ3OL+W594Ok9Q","action":"Commit Request", "result":"", "context":Item count: 2
Contributing types: Preferences, Sessions}
{"logTime": "0501/175256", "correlationVector":"6/9MTuUtRQ3OL+W594Ok9Q.1","action":"SyncServerConnectionManagerRequest", "result":"SYNC_SERVER_OK", "context":{"environment":"Prod_WestEurope_000l", "migrationStage":"NotStarted", "server":"GENERAL01000008"}}
{"logTime": "0501/175256", "correlationVector":"6/9MTuUtRQ3OL+W594Ok9Q.2","action":"Commit Response", "result":"Success", "context":Result: Success. cV=6/9MTuUtRQ3OL+W594Ok9Q.0;server=GENERAL01000008;cloudType=Consumer;environment=Prod_WestEurope_000l;migrationStage=NotStarted}
{"logTime": "0501/175303", "correlationVector":"GXhKMX3cK+Tga/OD/DjPh7","action":"Commit Request", "result":"", "context":Item count: 1
Contributing types: Preferences}
{"logTime": "0501/175304", "correlationVector":"GXhKMX3cK+Tga/OD/DjPh7.1","action":"SyncServerConnectionManagerRequest", "result":"SYNC_SERVER_OK", "context":{"environment":"Prod_WestEurope_000l", "migrationStage":"NotStarted", "server":"GENERAL01000023"}}
{"logTime": "0501/175304", "correlationVector":"GXhKMX3cK+Tga/OD/DjPh7.2","action":"Commit Response", "result":"Success", "context":Result: Success. cV=GXhKMX3cK+Tga/OD/DjPh7.0;server=GENERAL01000023;cloudType=Consumer;environment=Prod_WestEurope_000l;migrationStage=NotStarted}
{"logTime": "0501/175810", "correlationVector":"BrIJ/wlaFSNuhJax19zPqT.1","action":"SyncServerConnectionManagerRequest", "result":"SYNC_SERVER_OK", "context":{"environment":"Prod_WestEurope_000l", "migrationStage":"NotStarted", "server":"GENERAL0100000S"}}
{"logTime": "0501/175810", "correlationVector":"BrIJ/wlaFSNuhJax19zPqT","action":"Initial GetUpdates", "result":"", "context":Reason: NEW_CLIENT. cV=BrIJ/wlaFSNuhJax19zPqT}
{"logTime": "0501/175810", "correlationVector":"BrIJ/wlaFSNuhJax19zPqT.2","action":"GetUpdates Response", "result":"Success", "context":Received 1 update(s). cV=BrIJ/wlaFSNuhJax19zPqT.0;server=GENERAL0100000S;cloudType=Consumer;environment=Prod_WestEurope_000l;migrationStage=NotStarted}
{"logTime": "0501/175810", "correlationVector":"/pOf0ZPF9DVt6UwOkH5FyA","action":"Initial GetUpdates", "result":"", "context":Reason: NEWLY_SUPPORTED_DATATYPE. cV=/pOf0ZPF9DVt6UwOkH5FyA}
{"logTime": "0501/175810", "correlationVector":"/pOf0ZPF9DVt6UwOkH5FyA.1","action":"SyncServerConnectionManagerRequest", "result":"SYNC_SERVER_OK", "context":{"environment":"Prod_WestEurope_000l", "migrationStage":"NotStarted", "server":"GENERAL0100000C"}}
{"logTime": "0501/175810", "correlationVector":"/pOf0ZPF9DVt6UwOkH5FyA.2","action":"GetUpdates", "result":"DeleteReceived", "context":{"id":"f44efb67-9175-46a6-8e8e-fec61c370d15", "isDeleted:":"true", "version":"1685054964396"}}
{"logTime": "0501/175810", "correlationVector":"/pOf0ZPF9DVt6UwOkH5FyA.3","action":"GetUpdates", "result":"DeleteReceived", "context":{"id":"1875ee33-c60b-4c83-a023-291c5739b8f1", "isDeleted:":"true", "version":"1685054965206"}}
{"logTime": "0501/175810", "correlationVector":"/pOf0ZPF9DVt6UwOkH5FyA.4","action":"GetUpdates", "result":"DeleteReceived", "context":{"id":"c28e1aaf-150d-4cb9-948d-e99aa4775aac", "isDeleted:":"true", "version":"1685054965673"}}
{"logTime": "0501/175810", "correlationVector":"/pOf0ZPF9DVt6UwOkH5FyA.5","action":"GetUpdates", "result":"DeleteReceived", "context":{"id":"29614906-3978-44af-b2ae-ef6af64daff2", "isDeleted:":"true", "version":"1685054966831"}}
{"logTime": "0501/175810", "correlationVector":"/pOf0ZPF9DVt6UwOkH5FyA.6","action":"GetUpdates", "result":"DeleteReceived", "context":{"id":"0b63778f-c7bb-422c-a6ce-918026e29be7", "isDeleted:":"true", "version":"1685054972895"}}
{"logTime": "0501/175810", "correlationVector":"/pOf0ZPF9DVt6UwOkH5FyA.7","action":"GetUpdates", "result":"DeleteReceived", "context":{"id":"c9495d2b-853b-4bcf-a46e-893cf9e4e85a", "isDeleted:":"true", "version":"1685054982501"}}
{"logTime": "0501/175810", "correlationVector":"/pOf0ZPF9DVt6UwOkH5FyA.8","action":"GetUpdates", "result":"DeleteReceived", "context":{"id":"e8edd386-8ce2-4cee-8e73-4dd0cdc98b6f", "isDeleted:":"true", "version":"1685054984357"}}
{"logTime": "0501/175810", "correlationVector":"/pOf0ZPF9DVt6UwOkH5FyA.9","action":"GetUpdates", "result":"DeleteReceived", "context":{"id":"9b378d83-e641-45c9-bae5-1cce7ae41dbc", "isDeleted:":"true", "version":"1685054984998"}}
{"logTime": "0501/175810", "correlationVector":"/pOf0ZPF9DVt6UwOkH5FyA.10","action":"GetUpdates", "result":"DeleteReceived", "context":{"id":"8c2d8d6f-ad08-45fd-b6a1-b5f9d5bf9069", "isDeleted:":"true", "version":"1686909443815"}}
{"logTime": "0501/175810", "correlationVector":"/pOf0ZPF9DVt6UwOkH5FyA.11","action":"GetUpdates", "result":"DeleteReceived", "context":{"id":"b5ac0f0d-bb70-40a3-8662-4af6d13ae8dd", "isDeleted:":"true", "version":"1687136986476"}}
{"logTime": "0501/175810", "correlationVector":"/pOf0ZPF9DVt6UwOkH5FyA.12","action":"GetUpdates", "result":"DeleteReceived", "context":{"id":"2b91d2c8-3c63-48c9-8550-af20898e03a9", "isDeleted:":"true", "version":"1687162703935"}}
{"logTime": "0501/175810", "correlationVector":"/pOf0ZPF9DVt6UwOkH5FyA.13","action":"GetUpdates", "result":"DeleteReceived", "context":{"id":"43a883a9-acc0-4403-ba0d-b71008a16b9e", "isDeleted:":"true", "version":"1691105736986"}}
{"logTime": "0501/175810", "correlationVector":"/pOf0ZPF9DVt6UwOkH5FyA.14","action":"GetUpdates", "result":"DeleteReceived", "context":{"id":"d2e81bcc-d19f-4b74-81a6-66ad2c22d4d9", "isDeleted:":"true", "version":"1693923667596"}}
{"logTime": "0501/175810", "correlationVector":"/pOf0ZPF9DVt6UwOkH5FyA.15","action":"GetUpdates", "result":"DeleteReceived", "context":{"id":"9b51464b-554c-4bc7-b756-8dd09236a0f8", "isDeleted:":"true", "version":"1697727856171"}}
{"logTime": "0501/175810", "correlationVector":"/pOf0ZPF9DVt6UwOkH5FyA.16","action":"GetUpdates", "result":"DeleteReceived", "context":{"id":"38c3d99f-1a1c-4a5f-92e7-914fdfcc4d8c", "isDeleted:":"true", "version":"1697727856808"}}
{"logTime": "0501/175810", "correlationVector":"/pOf0ZPF9DVt6UwOkH5FyA.17","action":"GetUpdates", "result":"DeleteReceived", "context":{"id":"8a833455-4e23-497a-b81b-18ffa45f7fb9", "isDeleted:":"true", "version":"1697727860692"}}
{"logTime": "0501/175810", "correlationVector":"/pOf0ZPF9DVt6UwOkH5FyA.18","action":"GetUpdates", "result":"DeleteReceived", "context":{"id":"72e43453-d9d3-4521-b310-f465a4c2de9e", "isDeleted:":"true", "version":"1697727861806"}}
{"logTime": "0501/175810", "correlationVector":"/pOf0ZPF9DVt6UwOkH5FyA.19","action":"GetUpdates", "result":"DeleteReceived", "context":{"id":"ebaa256e-b815-4920-a14b-1d1926fd263f", "isDeleted:":"true", "version":"1697727862486"}}
{"logTime": "0501/175810", "correlationVector":"/pOf0ZPF9DVt6UwOkH5FyA.20","action":"GetUpdates", "result":"DeleteReceived", "context":{"id":"f54c2610-7d26-4532-bcc8-adeee1d6579f", "isDeleted:":"true", "version":"1697727863675"}}
{"logTime": "0501/175810", "correlationVector":"/pOf0ZPF9DVt6UwOkH5FyA.21","action":"GetUpdates", "result":"DeleteReceived", "context":{"id":"c233e2ff-daa5-4b89-b548-4f06ab739803", "isDeleted:":"true", "version":"1697727864689"}}
{"logTime": "0501/175810", "correlationVector":"/pOf0ZPF9DVt6UwOkH5FyA.22","action":"GetUpdates", "result":"DeleteReceived", "context":{"id":"7edefbd3-8a28-4b2b-a287-2a07095501a9", "isDeleted:":"true", "version":"1697727865191"}}
{"logTime": "0501/175810", "correlationVector":"/pOf0ZPF9DVt6UwOkH5FyA.23","action":"GetUpdates", "result":"DeleteReceived", "context":{"id":"d9bfd5d9-ca6b-405a-b9e1-ffcdc2b5c0d4", "isDeleted:":"true", "version":"1697727866283"}}
{"logTime": "0501/175810", "correlationVector":"/pOf0ZPF9DVt6UwOkH5FyA.24","action":"GetUpdates", "result":"DeleteReceived", "context":{"id":"bf000734-9615-4ce7-a36b-746846bef560", "isDeleted:":"true", "version":"1697727866830"}}
{"logTime": "0501/175810", "correlationVector":"/pOf0ZPF9DVt6UwOkH5FyA.25","action":"GetUpdates", "result":"DeleteReceived", "context":{"id":"a8584b57-f272-4c0d-a10c-64dcb14ab8fd", "isDeleted:":"true", "version":"1697727868396"}}
{"logTime": "0501/175810", "correlationVector":"/pOf0ZPF9DVt6UwOkH5FyA.26","action":"GetUpdates", "result":"DeleteReceived", "context":{"id":"4debfe81-06d9-4b5d-87cf-d771098d0c86", "isDeleted:":"true", "version":"1697727869449"}}
{"logTime": "0501/175810", "correlationVector":"/pOf0ZPF9DVt6UwOkH5FyA.27","action":"GetUpdates", "result":"DeleteReceived", "context":{"id":"bc8af6c8-6abe-46c3-b005-07e012f32710", "isDeleted:":"true", "version":"1697727874711"}}
{"logTime": "0501/175810", "correlationVector":"/pOf0ZPF9DVt6UwOkH5FyA.28","action":"GetUpdates", "result":"DeleteReceived", "context":{"id":"e071511b-0104-42e0-86a3-d3d8e5e59a3b", "isDeleted:":"true", "version":"1697727875612"}}
{"logTime": "0501/175810", "correlationVector":"/pOf0ZPF9DVt6UwOkH5FyA.29","action":"GetUpdates", "result":"DeleteReceived", "context":{"id":"fdfd6caa-d67d-4e20-a3b8-3c0e58f91f3f", "isDeleted:":"true", "version":"1697727879317"}}
{"logTime": "0501/175810", "correlationVector":"/pOf0ZPF9DVt6UwOkH5FyA.30","action":"GetUpdates", "result":"DeleteReceived", "context":{"id":"046acf4b-d93a-434a-b2ec-fa271ea690f4", "isDeleted:":"true", "version":"1697727880184"}}
{"logTime": "0501/175810", "correlationVector":"/pOf0ZPF9DVt6UwOkH5FyA.31","action":"GetUpdates", "result":"DeleteReceived", "context":{"id":"1e0f6040-c47e-4620-939b-17f0d16a0c64", "isDeleted:":"true", "version":"1697727880751"}}
{"logTime": "0501/175810", "correlationVector":"/pOf0ZPF9DVt6UwOkH5FyA.32","action":"GetUpdates", "result":"DeleteReceived", "context":{"id":"7b024b68-8729-4a23-b24c-5b19e410d38d", "isDeleted:":"true", "version":"1697727881614"}}
{"logTime": "0501/175810", "correlationVector":"/pOf0ZPF9DVt6UwOkH5FyA.33","action":"GetUpdates", "result":"DeleteReceived", "context":{"id":"6ee034ce-f998-4bf9-a7f8-5b959fb37d43", "isDeleted:":"true", "version":"1697727882775"}}
{"logTime": "0501/175810", "correlationVector":"/pOf0ZPF9DVt6UwOkH5FyA.34","action":"GetUpdates", "result":"DeleteReceived", "context":{"id":"b2c1fc77-2a9a-4f2f-8189-6e00283ba490", "isDeleted:":"true", "version":"1697727884437"}}
{"logTime": "0501/175810", "correlationVector":"/pOf0ZPF9DVt6UwOkH5FyA.35","action":"GetUpdates", "result":"DeleteReceived", "context":{"id":"928a4c2d-51ca-4cf2-9569-fa8fc3bb3cdf", "isDeleted:":"true", "version":"1697727885668"}}
{"logTime": "0501/175810", "correlationVector":"/pOf0ZPF9DVt6UwOkH5FyA.36","action":"GetUpdates", "result":"DeleteReceived", "context":{"id":"eb0e5cda-718a-4aeb-8c2b-e2e910a0d180", "isDeleted:":"true", "version":"1697727886229"}}
{"logTime": "0501/175810", "correlationVector":"/pOf0ZPF9DVt6UwOkH5FyA.37","action":"GetUpdates", "result":"DeleteReceived", "context":{"id":"28f8e1ac-6469-4ac1-a0b2-996be618fd8d", "isDeleted:":"true", "version":"1697727917468"}}
{"logTime": "0501/175810", "correlationVector":"/pOf0ZPF9DVt6UwOkH5FyA.38","action":"GetUpdates", "result":"DeleteReceived", "context":{"id":"d78038bb-f22c-4ba3-82ed-98cb40f5b144", "isDeleted:":"true", "version":"1697727918346"}}
{"logTime": "0501/175810", "correlationVector":"/pOf0ZPF9DVt6UwOkH5FyA.39","action":"GetUpdates", "result":"DeleteReceived", "context":{"id":"9a5f9d4c-7427-4100-acf4-1534b936d526", "isDeleted:":"true", "version":"1697727919630"}}
{"logTime": "0501/175810", "correlationVector":"/pOf0ZPF9DVt6UwOkH5FyA.40","action":"GetUpdates", "result":"DeleteReceived", "context":{"id":"83c0e0fe-8a7d-47fa-a3cd-1945eda780ae", "isDeleted:":"true", "version":"1697727920753"}}
{"logTime": "0501/175810", "correlationVector":"/pOf0ZPF9DVt6UwOkH5FyA.41","action":"GetUpdates", "result":"DeleteReceived", "context":{"id":"bc0a4729-3227-4118-bce6-5baa82d96b8b", "isDeleted:":"true", "version":"1697727921315"}}
{"logTime": "0501/175810", "correlationVector":"/pOf0ZPF9DVt6UwOkH5FyA.42","action":"GetUpdates", "result":"DeleteReceived", "context":{"id":"06eebd10-61d2-4c98-a06d-f0234c858714", "isDeleted:":"true", "version":"1697727922971"}}
{"logTime": "0501/175810", "correlationVector":"/pOf0ZPF9DVt6UwOkH5FyA.43","action":"GetUpdates", "result":"DeleteReceived", "context":{"id":"963c98db-c4e4-40a9-86fe-59b74c67c9df", "isDeleted:":"true", "version":"1697727923659"}}
{"logTime": "0501/175810", "correlationVector":"/pOf0ZPF9DVt6UwOkH5FyA.44","action":"GetUpdates", "result":"DeleteReceived", "context":{"id":"b94e9e30-a9b0-44bf-9709-f7d7c5084a3c", "isDeleted:":"true", "version":"1697727924192"}}
{"logTime": "0501/175810", "correlationVector":"/pOf0ZPF9DVt6UwOkH5FyA.45","action":"GetUpdates", "result":"DeleteReceived", "context":{"id":"e0f4e627-725b-4177-8100-91345a3b7f6d", "isDeleted:":"true", "version":"1699374496460"}}
{"logTime": "0501/175810", "correlationVector":"/pOf0ZPF9DVt6UwOkH5FyA.46","action":"GetUpdates", "result":"DeleteReceived", "context":{"id":"e38fba30-2085-423c-bc7d-5d61952e6367", "isDeleted:":"true", "version":"1699374496461"}}
{"logTime": "0501/175810", "correlationVector":"/pOf0ZPF9DVt6UwOkH5FyA.47","action":"GetUpdates", "result":"DeleteReceived", "context":{"id":"5b5fe51a-0e63-4819-97b7-2abeedefd423", "isDeleted:":"true", "version":"1702756796371"}}
{"logTime": "0501/175810", "correlationVector":"/pOf0ZPF9DVt6UwOkH5FyA.48","action":"GetUpdates", "result":"DeleteReceived", "context":{"id":"9535bb30-b914-454c-b822-0f744d5529d7", "isDeleted:":"true", "version":"1702756796962"}}
{"logTime": "0501/175810", "correlationVector":"/pOf0ZPF9DVt6UwOkH5FyA.49","action":"GetUpdates", "result":"DeleteReceived", "context":{"id":"887f478b-6bfa-4cfe-a672-8d24ca3feed5", "isDeleted:":"true", "version":"1702756841001"}}
{"logTime": "0501/175810", "correlationVector":"/pOf0ZPF9DVt6UwOkH5FyA.50","action":"GetUpdates", "result":"DeleteReceived", "context":{"id":"d002a229-7fde-4e38-8834-c78048a63e69", "isDeleted:":"true", "version":"1708693859049"}}
{"logTime": "0501/175810", "correlationVector":"/pOf0ZPF9DVt6UwOkH5FyA.51","action":"GetUpdates", "result":"DeleteReceived", "context":{"id":"5cf1f4e1-63e6-405f-b8c1-d65006d9a43e", "isDeleted:":"true", "version":"1708693859857"}}
{"logTime": "0501/175810", "correlationVector":"/pOf0ZPF9DVt6UwOkH5FyA.52","action":"GetUpdates", "result":"DeleteReceived", "context":{"id":"88470d43-ee5e-4415-bfa3-e4e7d357dd6a", "isDeleted:":"true", "version":"1708693860424"}}
{"logTime": "0501/175810", "correlationVector":"/pOf0ZPF9DVt6UwOkH5FyA.53","action":"GetUpdates", "result":"DeleteReceived", "context":{"id":"13c99108-226e-452f-a990-2b627b92d4da", "isDeleted:":"true", "version":"1713741887404"}}
{"logTime": "0501/175810", "correlationVector":"/pOf0ZPF9DVt6UwOkH5FyA.54","action":"GetUpdates Response", "result":"Success", "context":Received 142 update(s). cV=/pOf0ZPF9DVt6UwOkH5FyA.0;server=GENERAL0100000C;cloudType=Consumer;environment=Prod_WestEurope_000l;migrationStage=NotStarted}
{"logTime": "0501/175810", "correlationVector":"RIEvNpDiHmNCXRAvSiub3v","action":"SyncServerConnectionManagerRequest", "result":"SYNC_SERVER_OK", "context":{"environment":"", "migrationStage":"", "server":""}}
{"logTime": "0501/175810", "correlationVector":"tZ/oHkbKByl5fF9zLRtqxf","action":"Initial GetUpdates", "result":"", "context":Reason: NEWLY_SUPPORTED_DATATYPE. cV=tZ/oHkbKByl5fF9zLRtqxf}
{"logTime": "0501/175810", "correlationVector":"tZ/oHkbKByl5fF9zLRtqxf.1","action":"SyncServerConnectionManagerRequest", "result":"SYNC_SERVER_OK", "context":{"environment":"Prod_WestEurope_000l", "migrationStage":"NotStarted", "server":"GENERAL0100000I"}}
{"logTime": "0501/175810", "correlationVector":"tZ/oHkbKByl5fF9zLRtqxf.2","action":"GetUpdates Response", "result":"Success", "context":Received 0 update(s). cV=tZ/oHkbKByl5fF9zLRtqxf.0;server=GENERAL0100000I;cloudType=Consumer;environment=Prod_WestEurope_000l;migrationStage=NotStarted}
{"logTime": "0501/175810", "correlationVector":"3ktjwbcG99xkSC/MymhhpD","action":"Normal GetUpdate request", "result":"", "context":cV=3ktjwbcG99xkSC/MymhhpD
Nudged types: Sessions
Refresh requested types: Bookmarks, Preferences, Passwords, Autofill Profiles, Autofill, Typed URLs, Extensions, Sessions, Extension settings, History Delete Directives, Device Info, User Consents, Send Tab To Self, Web Apps, Collection, Edge E Drop, Edge Hub App Usage, Edge Tab Group, Edge Wallet, Encryption Keys}
{"logTime": "0501/175810", "correlationVector":"3ktjwbcG99xkSC/MymhhpD.1","action":"SyncServerConnectionManagerRequest", "result":"SYNC_SERVER_OK", "context":{"environment":"Prod_WestEurope_000l", "migrationStage":"NotStarted", "server":"general01000011"}}
{"logTime": "0501/175810", "correlationVector":"3ktjwbcG99xkSC/MymhhpD.2","action":"GetUpdates Response", "result":"Success", "context":Received 3 update(s). cV=3ktjwbcG99xkSC/MymhhpD.0;server=general01000011;cloudType=Consumer;environment=Prod_WestEurope_000l;migrationStage=NotStarted}
{"logTime": "0501/175810", "correlationVector":"fUsjQY9BoMEuf0iMvkRoMz","action":"Commit Request", "result":"", "context":Item count: 3
Contributing types: Sessions}
{"logTime": "0501/175810", "correlationVector":"fUsjQY9BoMEuf0iMvkRoMz.1","action":"SyncServerConnectionManagerRequest", "result":"SYNC_SERVER_OK", "context":{"environment":"Prod_WestEurope_x00e", "migrationStage":"NotStarted", "server":"general0200001X"}}
{"logTime": "0501/175810", "correlationVector":"fUsjQY9BoMEuf0iMvkRoMz.3","action":"Commit.Sessions", "result":"Success", "context":{"id":"54e08d8d-6dff-41cd-a05d-dbd989729f6c", "isDeleted":"true", "size":"0", "version":"1714585972706"}}
{"logTime": "0501/175810", "correlationVector":"fUsjQY9BoMEuf0iMvkRoMz.2","action":"Commit Response", "result":"Success", "context":Result: Success. cV=fUsjQY9BoMEuf0iMvkRoMz.0;server=general0200001X;cloudType=Consumer;environment=Prod_WestEurope_x00e;migrationStage=NotStarted}
{"logTime": "0501/175811", "correlationVector":"E2JsCZX/pYtc9tNF7dy/Yj","action":"Normal GetUpdate request", "result":"", "context":cV=E2JsCZX/pYtc9tNF7dy/Yj
Nudged types: Preferences, Sessions}
{"logTime": "0501/175811", "correlationVector":"E2JsCZX/pYtc9tNF7dy/Yj.1","action":"SyncServerConnectionManagerRequest", "result":"SYNC_SERVER_OK", "context":{"environment":"Prod_WestEurope_000l", "migrationStage":"NotStarted", "server":"GENERAL01000026"}}
{"logTime": "0501/175811", "correlationVector":"E2JsCZX/pYtc9tNF7dy/Yj.2","action":"GetUpdates", "result":"DeleteReceived", "context":{"id":"54e08d8d-6dff-41cd-a05d-dbd989729f6c", "isDeleted:":"true", "version":"1714586278827"}}
{"logTime": "0501/175811", "correlationVector":"E2JsCZX/pYtc9tNF7dy/Yj.3","action":"GetUpdates Response", "result":"Success", "context":Received 3 update(s). cV=E2JsCZX/pYtc9tNF7dy/Yj.0;server=GENERAL01000026;cloudType=Consumer;environment=Prod_WestEurope_000l;migrationStage=NotStarted}
{"logTime": "0501/175811", "correlationVector":"GzjQ23BbeFK68U7aDxeqYX","action":"Commit Request", "result":"", "context":Item count: 2
Contributing types: Preferences, Sessions}
{"logTime": "0501/175812", "correlationVector":"GzjQ23BbeFK68U7aDxeqYX.1","action":"SyncServerConnectionManagerRequest", "result":"SYNC_SERVER_OK", "context":{"environment":"Prod_WestEurope_000l", "migrationStage":"NotStarted", "server":"GENERAL01000025"}}
{"logTime": "0501/175812", "correlationVector":"GzjQ23BbeFK68U7aDxeqYX.2","action":"Commit Response", "result":"Success", "context":Result: Success. cV=GzjQ23BbeFK68U7aDxeqYX.0;server=GENERAL01000025;cloudType=Consumer;environment=Prod_WestEurope_000l;migrationStage=NotStarted}
{"logTime": "0501/175829", "correlationVector":"1UcQpc/uN8b6x2AXE8JGPi","action":"Commit Request", "result":"", "context":Item count: 1
Contributing types: Preferences}
{"logTime": "0501/175829", "correlationVector":"1UcQpc/uN8b6x2AXE8JGPi.1","action":"SyncServerConnectionManagerRequest", "result":"SYNC_SERVER_OK", "context":{"environment":"Prod_WestEurope_000l", "migrationStage":"NotStarted", "server":"GENERAL0100000W"}}
{"logTime": "0501/175829", "correlationVector":"1UcQpc/uN8b6x2AXE8JGPi.2","action":"Commit Response", "result":"Success", "context":Result: Success. cV=1UcQpc/uN8b6x2AXE8JGPi.0;server=GENERAL0100000W;cloudType=Consumer;environment=Prod_WestEurope_000l;migrationStage=NotStarted}
{"logTime": "0501/175941", "correlationVector":"lYm+PgwN0qWpfYpYGs+7kN","action":"Commit Request", "result":"", "context":Item count: 1
Contributing types: Sessions}
{"logTime": "0501/175941", "correlationVector":"lYm+PgwN0qWpfYpYGs+7kN.1","action":"SyncServerConnectionManagerRequest", "result":"SYNC_SERVER_OK", "context":{"environment":"Prod_WestEurope_000l", "migrationStage":"NotStarted", "server":"GENERAL01000012"}}
{"logTime": "0501/175941", "correlationVector":"lYm+PgwN0qWpfYpYGs+7kN.2","action":"Commit Response", "result":"Success", "context":Result: Success. cV=lYm+PgwN0qWpfYpYGs+7kN.0;server=GENERAL01000012;cloudType=Consumer;environment=Prod_WestEurope_000l;migrationStage=NotStarted}
{"logTime": "0501/180032", "correlationVector":"qzSnPez0ZSoAS70iffrh/+","action":"Commit Request", "result":"", "context":Item count: 1
Contributing types: Sessions}
{"logTime": "0501/180033", "correlationVector":"qzSnPez0ZSoAS70iffrh/+.1","action":"SyncServerConnectionManagerRequest", "result":"SYNC_SERVER_OK", "context":{"environment":"Prod_WestEurope_000l", "migrationStage":"NotStarted", "server":"GENERAL01000014"}}
{"logTime": "0501/180033", "correlationVector":"qzSnPez0ZSoAS70iffrh/+.2","action":"Commit Response", "result":"Success", "context":Result: Success. cV=qzSnPez0ZSoAS70iffrh/+.0;server=GENERAL01000014;cloudType=Consumer;environment=Prod_WestEurope_000l;migrationStage=NotStarted}
{"logTime": "0501/180259", "correlationVector":"X/j3mHgcHC0gXq7BW3FkaP","action":"Normal GetUpdate request", "result":"", "context":cV=X/j3mHgcHC0gXq7BW3FkaP
Refresh requested types: Bookmarks, Preferences, Passwords, Autofill Profiles, Autofill, Typed URLs, Extensions, Sessions, Extension settings, History Delete Directives, Device Info, User Consents, Send Tab To Self, Web Apps, Collection, Edge E Drop, Edge Hub App Usage, Edge Tab Group, Edge Wallet, Encryption Keys}
{"logTime": "0501/180259", "correlationVector":"X/j3mHgcHC0gXq7BW3FkaP.1","action":"SyncServerConnectionManagerRequest", "result":"SYNC_SERVER_OK", "context":{"environment":"Prod_WestEurope_x00e", "migrationStage":"NotStarted", "server":"GENERAL02000014"}}
{"logTime": "0501/180259", "correlationVector":"X/j3mHgcHC0gXq7BW3FkaP.2","action":"GetUpdates Response", "result":"Success", "context":Received 8 update(s). cV=X/j3mHgcHC0gXq7BW3FkaP.0;server=GENERAL02000014;cloudType=Consumer;environment=Prod_WestEurope_x00e;migrationStage=NotStarted}
{"logTime": "0501/180301", "correlationVector":"MzJsImCXFQmCRZNUG4rL76","action":"Normal GetUpdate request", "result":"", "context":cV=MzJsImCXFQmCRZNUG4rL76
Notified types: Preferences}
{"logTime": "0501/180301", "correlationVector":"MzJsImCXFQmCRZNUG4rL76.1","action":"SyncServerConnectionManagerRequest", "result":"SYNC_SERVER_OK", "context":{"environment":"Prod_WestEurope_000l", "migrationStage":"NotStarted", "server":"GENERAL0100001C"}}
{"logTime": "0501/180301", "correlationVector":"MzJsImCXFQmCRZNUG4rL76.2","action":"GetUpdates", "result":"DeleteReceived", "context":{"id":"5e2b3e89-06b1-404e-a5ab-4fef53d1d626", "isDeleted:":"true", "version":"1714586577061"}}
{"logTime": "0501/180301", "correlationVector":"MzJsImCXFQmCRZNUG4rL76.3","action":"GetUpdates Response", "result":"Success", "context":Received 3 update(s). cV=MzJsImCXFQmCRZNUG4rL76.0;server=GENERAL0100001C;cloudType=Consumer;environment=Prod_WestEurope_000l;migrationStage=NotStarted}
{"logTime": "0501/180527", "correlationVector":"ICLeoC+Q/IU6N2V6EJF+2L","action":"Normal GetUpdate request", "result":"", "context":cV=ICLeoC+Q/IU6N2V6EJF+2L
Notified types: Preferences}
{"logTime": "0501/180527", "correlationVector":"ICLeoC+Q/IU6N2V6EJF+2L.1","action":"SyncServerConnectionManagerRequest", "result":"SYNC_SERVER_OK", "context":{"environment":"Prod_WestEurope_000l", "migrationStage":"NotStarted", "server":"GENERAL0300002U"}}
{"logTime": "0501/180527", "correlationVector":"ICLeoC+Q/IU6N2V6EJF+2L.2","action":"GetUpdates Response", "result":"Success", "context":Received 4 update(s). cV=ICLeoC+Q/IU6N2V6EJF+2L.0;server=GENERAL0300002U;cloudType=Consumer;environment=Prod_WestEurope_000l;migrationStage=NotStarted}
{"logTime": "0501/180907", "correlationVector":"ySibu8K4cWs7T8ijmNR/tF","action":"Commit Request", "result":"", "context":Item count: 1
Contributing types: Sessions}
{"logTime": "0501/180908", "correlationVector":"ySibu8K4cWs7T8ijmNR/tF.1","action":"SyncServerConnectionManagerRequest", "result":"SYNC_SERVER_OK", "context":{"environment":"Prod_WestEurope_000l", "migrationStage":"NotStarted", "server":"GENERAL01000008"}}
{"logTime": "0501/180908", "correlationVector":"ySibu8K4cWs7T8ijmNR/tF.2","action":"Commit Response", "result":"Success", "context":Result: Success. cV=ySibu8K4cWs7T8ijmNR/tF.0;server=GENERAL01000008;cloudType=Consumer;environment=Prod_WestEurope_000l;migrationStage=NotStarted}
{"logTime": "0501/181515", "correlationVector":"P49XkofjTipRG6SWFTPbYU","action":"Normal GetUpdate request", "result":"", "context":cV=P49XkofjTipRG6SWFTPbYU
Notified types: Edge Hub App Usage}
{"logTime": "0501/181515", "correlationVector":"P49XkofjTipRG6SWFTPbYU.1","action":"SyncServerConnectionManagerRequest", "result":"SYNC_SERVER_OK", "context":{"environment":"Prod_WestEurope_000l", "migrationStage":"NotStarted", "server":"GENERAL01000027"}}
{"logTime": "0501/181515", "correlationVector":"P49XkofjTipRG6SWFTPbYU.2","action":"GetUpdates", "result":"DeleteReceived", "context":{"id":"6a2429e5-847c-4991-8516-d16ca87ff7eb", "isDeleted:":"true", "version":"1714587039525"}}
{"logTime": "0501/181515", "correlationVector":"P49XkofjTipRG6SWFTPbYU.3","action":"GetUpdates", "result":"DeleteReceived", "context":{"id":"ea274d91-501e-414a-9485-4a1c0c84e07b", "isDeleted:":"true", "version":"1714587196974"}}
{"logTime": "0501/181515", "correlationVector":"P49XkofjTipRG6SWFTPbYU.4","action":"GetUpdates Response", "result":"Success", "context":Received 9 update(s). cV=P49XkofjTipRG6SWFTPbYU.0;server=GENERAL01000027;cloudType=Consumer;environment=Prod_WestEurope_000l;migrationStage=NotStarted}
{"logTime": "0501/181828", "correlationVector":"uvSTCOy+DRXnnaJ2evwLUh","action":"Commit Request", "result":"", "context":Item count: 1
Contributing types: Sessions}
{"logTime": "0501/181829", "correlationVector":"uvSTCOy+DRXnnaJ2evwLUh.1","action":"SyncServerConnectionManagerRequest", "result":"SYNC_SERVER_OK", "context":{"environment":"Prod_WestEurope_x00e", "migrationStage":"NotStarted", "server":"GENERAL01000003"}}
{"logTime": "0501/181829", "correlationVector":"uvSTCOy+DRXnnaJ2evwLUh.2","action":"Commit Response", "result":"Success", "context":Result: Success. cV=uvSTCOy+DRXnnaJ2evwLUh.0;server=GENERAL01000003;cloudType=Consumer;environment=Prod_WestEurope_x00e;migrationStage=NotStarted}
{"logTime": "0501/181914", "correlationVector":"7nZa6lO2m4jpoh8C0DMkoM","action":"Commit Request", "result":"", "context":Item count: 1
Contributing types: Sessions}
{"logTime": "0501/181915", "correlationVector":"7nZa6lO2m4jpoh8C0DMkoM.1","action":"SyncServerConnectionManagerRequest", "result":"SYNC_SERVER_OK", "context":{"environment":"Prod_WestEurope_x00e", "migrationStage":"NotStarted", "server":"GENERAL0100002E"}}
{"logTime": "0501/181915", "correlationVector":"7nZa6lO2m4jpoh8C0DMkoM.2","action":"Commit Response", "result":"Success", "context":Result: Success. cV=7nZa6lO2m4jpoh8C0DMkoM.0;server=GENERAL0100002E;cloudType=Consumer;environment=Prod_WestEurope_x00e;migrationStage=NotStarted}
{"logTime": "0501/182344", "correlationVector":"mvA+n0umIPFtXK63u/TnAC","action":"Normal GetUpdate request", "result":"", "context":cV=mvA+n0umIPFtXK63u/TnAC
Refresh requested types: Bookmarks, Preferences, Passwords, Autofill Profiles, Autofill, Typed URLs, Extensions, Sessions, Extension settings, History Delete Directives, Device Info, User Consents, Send Tab To Self, Web Apps, Collection, Edge E Drop, Edge Hub App Usage, Edge Tab Group, Edge Wallet, Encryption Keys}
{"logTime": "0501/182344", "correlationVector":"mvA+n0umIPFtXK63u/TnAC.1","action":"SyncServerConnectionManagerRequest", "result":"SYNC_SERVER_OK", "context":{"environment":"Prod_WestEurope_000l", "migrationStage":"NotStarted", "server":"general0100000E"}}
{"logTime": "0501/182344", "correlationVector":"mvA+n0umIPFtXK63u/TnAC.2","action":"GetUpdates Response", "result":"Success", "context":Received 2 update(s). cV=mvA+n0umIPFtXK63u/TnAC.0;server=general0100000E;cloudType=Consumer;environment=Prod_WestEurope_000l;migrationStage=NotStarted}
{"logTime": "0501/182511", "correlationVector":"dqXBF5cM9y6PPEbW5cCt2x","action":"Normal GetUpdate request", "result":"", "context":cV=dqXBF5cM9y6PPEbW5cCt2x
Nudged types: Sessions}
{"logTime": "0501/182511", "correlationVector":"dqXBF5cM9y6PPEbW5cCt2x.1","action":"SyncServerConnectionManagerRequest", "result":"SYNC_SERVER_OK", "context":{"environment":"Prod_WestEurope_x00e", "migrationStage":"NotStarted", "server":"GENERAL0100000K"}}
{"logTime": "0501/182511", "correlationVector":"dqXBF5cM9y6PPEbW5cCt2x.2","action":"GetUpdates Response", "result":"Success", "context":Received 3 update(s). cV=dqXBF5cM9y6PPEbW5cCt2x.0;server=GENERAL0100000K;cloudType=Consumer;environment=Prod_WestEurope_x00e;migrationStage=NotStarted}
{"logTime": "0501/182512", "correlationVector":"3RUskE6eS6bqs1bTWEGR/d","action":"Commit Request", "result":"", "context":Item count: 1
Contributing types: Sessions}
{"logTime": "0501/182512", "correlationVector":"3RUskE6eS6bqs1bTWEGR/d.1","action":"SyncServerConnectionManagerRequest", "result":"SYNC_SERVER_OK", "context":{"environment":"Prod_WestEurope_x00e", "migrationStage":"NotStarted", "server":"GENERAL0200000W"}}
{"logTime": "0501/182512", "correlationVector":"3RUskE6eS6bqs1bTWEGR/d.2","action":"Commit Response", "result":"Success", "context":Result: Success. cV=3RUskE6eS6bqs1bTWEGR/d.0;server=GENERAL0200000W;cloudType=Consumer;environment=Prod_WestEurope_x00e;migrationStage=NotStarted}
{"logTime": "0501/182844", "correlationVector":"QPMtUGDLG2oTu1GiAkPp18","action":"Normal GetUpdate request", "result":"", "context":cV=QPMtUGDLG2oTu1GiAkPp18
Refresh requested types: Bookmarks, Preferences, Passwords, Autofill Profiles, Autofill, Typed URLs, Extensions, Sessions, Extension settings, History Delete Directives, Device Info, User Consents, Send Tab To Self, Web Apps, Collection, Edge E Drop, Edge Hub App Usage, Edge Tab Group, Edge Wallet, Encryption Keys}
{"logTime": "0501/182844", "correlationVector":"QPMtUGDLG2oTu1GiAkPp18.1","action":"SyncServerConnectionManagerRequest", "result":"SYNC_SERVER_OK", "context":{"environment":"Prod_WestEurope_000l", "migrationStage":"NotStarted", "server":"GENERAL01000014"}}
{"logTime": "0501/182844", "correlationVector":"QPMtUGDLG2oTu1GiAkPp18.2","action":"GetUpdates Response", "result":"Success", "context":Received 1 update(s). cV=QPMtUGDLG2oTu1GiAkPp18.0;server=GENERAL01000014;cloudType=Consumer;environment=Prod_WestEurope_000l;migrationStage=NotStarted}
{"logTime": "0501/194915", "correlationVector":"Ujfa1YM3ccTAmb95Xh2K9w.1","action":"SyncServerConnectionManagerRequest", "result":"SYNC_SERVER_OK", "context":{"environment":"Prod_WestEurope_x00e", "migrationStage":"NotStarted", "server":"GENERAL0200000U"}}
{"logTime": "0501/194915", "correlationVector":"Ujfa1YM3ccTAmb95Xh2K9w","action":"Initial GetUpdates", "result":"", "context":Reason: NEW_CLIENT. cV=Ujfa1YM3ccTAmb95Xh2K9w}
{"logTime": "0501/194915", "correlationVector":"Ujfa1YM3ccTAmb95Xh2K9w.2","action":"GetUpdates Response", "result":"Success", "context":Received 1 update(s). cV=Ujfa1YM3ccTAmb95Xh2K9w.0;server=GENERAL0200000U;cloudType=Consumer;environment=Prod_WestEurope_x00e;migrationStage=NotStarted}
{"logTime": "0501/194915", "correlationVector":"STtWnoAsJSVxFCRSjbn7Uw","action":"Initial GetUpdates", "result":"", "context":Reason: NEWLY_SUPPORTED_DATATYPE. cV=STtWnoAsJSVxFCRSjbn7Uw}
{"logTime": "0501/194915", "correlationVector":"STtWnoAsJSVxFCRSjbn7Uw.1","action":"SyncServerConnectionManagerRequest", "result":"SYNC_SERVER_OK", "context":{"environment":"Prod_WestEurope_x00e", "migrationStage":"NotStarted", "server":"GENERAL01000014"}}
{"logTime": "0501/194915", "correlationVector":"STtWnoAsJSVxFCRSjbn7Uw.2","action":"GetUpdates", "result":"DeleteReceived", "context":{"id":"f44efb67-9175-46a6-8e8e-fec61c370d15", "isDeleted:":"true", "version":"1685054964396"}}
{"logTime": "0501/194915", "correlationVector":"STtWnoAsJSVxFCRSjbn7Uw.3","action":"GetUpdates", "result":"DeleteReceived", "context":{"id":"1875ee33-c60b-4c83-a023-291c5739b8f1", "isDeleted:":"true", "version":"1685054965206"}}
{"logTime": "0501/194915", "correlationVector":"STtWnoAsJSVxFCRSjbn7Uw.4","action":"GetUpdates", "result":"DeleteReceived", "context":{"id":"c28e1aaf-150d-4cb9-948d-e99aa4775aac", "isDeleted:":"true", "version":"1685054965673"}}
{"logTime": "0501/194915", "correlationVector":"STtWnoAsJSVxFCRSjbn7Uw.5","action":"GetUpdates", "result":"DeleteReceived", "context":{"id":"29614906-3978-44af-b2ae-ef6af64daff2", "isDeleted:":"true", "version":"1685054966831"}}
{"logTime": "0501/194915", "correlationVector":"STtWnoAsJSVxFCRSjbn7Uw.6","action":"GetUpdates", "result":"DeleteReceived", "context":{"id":"0b63778f-c7bb-422c-a6ce-918026e29be7", "isDeleted:":"true", "version":"1685054972895"}}
{"logTime": "0501/194915", "correlationVector":"STtWnoAsJSVxFCRSjbn7Uw.7","action":"GetUpdates", "result":"DeleteReceived", "context":{"id":"c9495d2b-853b-4bcf-a46e-893cf9e4e85a", "isDeleted:":"true", "version":"1685054982501"}}
{"logTime": "0501/194915", "correlationVector":"STtWnoAsJSVxFCRSjbn7Uw.8","action":"GetUpdates", "result":"DeleteReceived", "context":{"id":"e8edd386-8ce2-4cee-8e73-4dd0cdc98b6f", "isDeleted:":"true", "version":"1685054984357"}}
{"logTime": "0501/194915", "correlationVector":"STtWnoAsJSVxFCRSjbn7Uw.9","action":"GetUpdates", "result":"DeleteReceived", "context":{"id":"9b378d83-e641-45c9-bae5-1cce7ae41dbc", "isDeleted:":"true", "version":"1685054984998"}}
{"logTime": "0501/194915", "correlationVector":"STtWnoAsJSVxFCRSjbn7Uw.10","action":"GetUpdates", "result":"DeleteReceived", "context":{"id":"8c2d8d6f-ad08-45fd-b6a1-b5f9d5bf9069", "isDeleted:":"true", "version":"1686909443815"}}
{"logTime": "0501/194915", "correlationVector":"STtWnoAsJSVxFCRSjbn7Uw.11","action":"GetUpdates", "result":"DeleteReceived", "context":{"id":"b5ac0f0d-bb70-40a3-8662-4af6d13ae8dd", "isDeleted:":"true", "version":"1687136986476"}}
{"logTime": "0501/194915", "correlationVector":"STtWnoAsJSVxFCRSjbn7Uw.12","action":"GetUpdates", "result":"DeleteReceived", "context":{"id":"2b91d2c8-3c63-48c9-8550-af20898e03a9", "isDeleted:":"true", "version":"1687162703935"}}
{"logTime": "0501/194915", "correlationVector":"STtWnoAsJSVxFCRSjbn7Uw.13","action":"GetUpdates", "result":"DeleteReceived", "context":{"id":"43a883a9-acc0-4403-ba0d-b71008a16b9e", "isDeleted:":"true", "version":"1691105736986"}}
{"logTime": "0501/194915", "correlationVector":"STtWnoAsJSVxFCRSjbn7Uw.14","action":"GetUpdates", "result":"DeleteReceived", "context":{"id":"d2e81bcc-d19f-4b74-81a6-66ad2c22d4d9", "isDeleted:":"true", "version":"1693923667596"}}
{"logTime": "0501/194915", "correlationVector":"STtWnoAsJSVxFCRSjbn7Uw.15","action":"GetUpdates", "result":"DeleteReceived", "context":{"id":"9b51464b-554c-4bc7-b756-8dd09236a0f8", "isDeleted:":"true", "version":"1697727856171"}}
{"logTime": "0501/194915", "correlationVector":"STtWnoAsJSVxFCRSjbn7Uw.16","action":"GetUpdates", "result":"DeleteReceived", "context":{"id":"38c3d99f-1a1c-4a5f-92e7-914fdfcc4d8c", "isDeleted:":"true", "version":"1697727856808"}}
{"logTime": "0501/194915", "correlationVector":"STtWnoAsJSVxFCRSjbn7Uw.17","action":"GetUpdates", "result":"DeleteReceived", "context":{"id":"8a833455-4e23-497a-b81b-18ffa45f7fb9", "isDeleted:":"true", "version":"1697727860692"}}
{"logTime": "0501/194915", "correlationVector":"STtWnoAsJSVxFCRSjbn7Uw.18","action":"GetUpdates", "result":"DeleteReceived", "context":{"id":"72e43453-d9d3-4521-b310-f465a4c2de9e", "isDeleted:":"true", "version":"1697727861806"}}
{"logTime": "0501/194915", "correlationVector":"STtWnoAsJSVxFCRSjbn7Uw.19","action":"GetUpdates", "result":"DeleteReceived", "context":{"id":"ebaa256e-b815-4920-a14b-1d1926fd263f", "isDeleted:":"true", "version":"1697727862486"}}
{"logTime": "0501/194915", "correlationVector":"STtWnoAsJSVxFCRSjbn7Uw.20","action":"GetUpdates", "result":"DeleteReceived", "context":{"id":"f54c2610-7d26-4532-bcc8-adeee1d6579f", "isDeleted:":"true", "version":"1697727863675"}}
{"logTime": "0501/194915", "correlationVector":"STtWnoAsJSVxFCRSjbn7Uw.21","action":"GetUpdates", "result":"DeleteReceived", "context":{"id":"c233e2ff-daa5-4b89-b548-4f06ab739803", "isDeleted:":"true", "version":"1697727864689"}}
{"logTime": "0501/194915", "correlationVector":"STtWnoAsJSVxFCRSjbn7Uw.22","action":"GetUpdates", "result":"DeleteReceived", "context":{"id":"7edefbd3-8a28-4b2b-a287-2a07095501a9", "isDeleted:":"true", "version":"1697727865191"}}
{"logTime": "0501/194915", "correlationVector":"STtWnoAsJSVxFCRSjbn7Uw.23","action":"GetUpdates", "result":"DeleteReceived", "context":{"id":"d9bfd5d9-ca6b-405a-b9e1-ffcdc2b5c0d4", "isDeleted:":"true", "version":"1697727866283"}}
{"logTime": "0501/194915", "correlationVector":"STtWnoAsJSVxFCRSjbn7Uw.24","action":"GetUpdates", "result":"DeleteReceived", "context":{"id":"bf000734-9615-4ce7-a36b-746846bef560", "isDeleted:":"true", "version":"1697727866830"}}
{"logTime": "0501/194915", "correlationVector":"STtWnoAsJSVxFCRSjbn7Uw.25","action":"GetUpdates", "result":"DeleteReceived", "context":{"id":"a8584b57-f272-4c0d-a10c-64dcb14ab8fd", "isDeleted:":"true", "version":"1697727868396"}}
{"logTime": "0501/194915", "correlationVector":"STtWnoAsJSVxFCRSjbn7Uw.26","action":"GetUpdates", "result":"DeleteReceived", "context":{"id":"4debfe81-06d9-4b5d-87cf-d771098d0c86", "isDeleted:":"true", "version":"1697727869449"}}
{"logTime": "0501/194915", "correlationVector":"STtWnoAsJSVxFCRSjbn7Uw.27","action":"GetUpdates", "result":"DeleteReceived", "context":{"id":"bc8af6c8-6abe-46c3-b005-07e012f32710", "isDeleted:":"true", "version":"1697727874711"}}
{"logTime": "0501/194915", "correlationVector":"STtWnoAsJSVxFCRSjbn7Uw.28","action":"GetUpdates", "result":"DeleteReceived", "context":{"id":"e071511b-0104-42e0-86a3-d3d8e5e59a3b", "isDeleted:":"true", "version":"1697727875612"}}
{"logTime": "0501/194915", "correlationVector":"STtWnoAsJSVxFCRSjbn7Uw.29","action":"GetUpdates", "result":"DeleteReceived", "context":{"id":"fdfd6caa-d67d-4e20-a3b8-3c0e58f91f3f", "isDeleted:":"true", "version":"1697727879317"}}
{"logTime": "0501/194915", "correlationVector":"STtWnoAsJSVxFCRSjbn7Uw.30","action":"GetUpdates", "result":"DeleteReceived", "context":{"id":"046acf4b-d93a-434a-b2ec-fa271ea690f4", "isDeleted:":"true", "version":"1697727880184"}}
{"logTime": "0501/194915", "correlationVector":"STtWnoAsJSVxFCRSjbn7Uw.31","action":"GetUpdates", "result":"DeleteReceived", "context":{"id":"1e0f6040-c47e-4620-939b-17f0d16a0c64", "isDeleted:":"true", "version":"1697727880751"}}
{"logTime": "0501/194915", "correlationVector":"STtWnoAsJSVxFCRSjbn7Uw.32","action":"GetUpdates", "result":"DeleteReceived", "context":{"id":"7b024b68-8729-4a23-b24c-5b19e410d38d", "isDeleted:":"true", "version":"1697727881614"}}
{"logTime": "0501/194915", "correlationVector":"STtWnoAsJSVxFCRSjbn7Uw.33","action":"GetUpdates", "result":"DeleteReceived", "context":{"id":"6ee034ce-f998-4bf9-a7f8-5b959fb37d43", "isDeleted:":"true", "version":"1697727882775"}}
{"logTime": "0501/194915", "correlationVector":"STtWnoAsJSVxFCRSjbn7Uw.34","action":"GetUpdates", "result":"DeleteReceived", "context":{"id":"b2c1fc77-2a9a-4f2f-8189-6e00283ba490", "isDeleted:":"true", "version":"1697727884437"}}
{"logTime": "0501/194915", "correlationVector":"STtWnoAsJSVxFCRSjbn7Uw.35","action":"GetUpdates", "result":"DeleteReceived", "context":{"id":"928a4c2d-51ca-4cf2-9569-fa8fc3bb3cdf", "isDeleted:":"true", "version":"1697727885668"}}
{"logTime": "0501/194915", "correlationVector":"STtWnoAsJSVxFCRSjbn7Uw.36","action":"GetUpdates", "result":"DeleteReceived", "context":{"id":"eb0e5cda-718a-4aeb-8c2b-e2e910a0d180", "isDeleted:":"true", "version":"1697727886229"}}
{"logTime": "0501/194915", "correlationVector":"STtWnoAsJSVxFCRSjbn7Uw.37","action":"GetUpdates", "result":"DeleteReceived", "context":{"id":"28f8e1ac-6469-4ac1-a0b2-996be618fd8d", "isDeleted:":"true", "version":"1697727917468"}}
{"logTime": "0501/194915", "correlationVector":"STtWnoAsJSVxFCRSjbn7Uw.38","action":"GetUpdates", "result":"DeleteReceived", "context":{"id":"d78038bb-f22c-4ba3-82ed-98cb40f5b144", "isDeleted:":"true", "version":"1697727918346"}}
{"logTime": "0501/194915", "correlationVector":"STtWnoAsJSVxFCRSjbn7Uw.39","action":"GetUpdates", "result":"DeleteReceived", "context":{"id":"9a5f9d4c-7427-4100-acf4-1534b936d526", "isDeleted:":"true", "version":"1697727919630"}}
{"logTime": "0501/194915", "correlationVector":"STtWnoAsJSVxFCRSjbn7Uw.40","action":"GetUpdates", "result":"DeleteReceived", "context":{"id":"83c0e0fe-8a7d-47fa-a3cd-1945eda780ae", "isDeleted:":"true", "version":"1697727920753"}}
{"logTime": "0501/194915", "correlationVector":"STtWnoAsJSVxFCRSjbn7Uw.41","action":"GetUpdates", "result":"DeleteReceived", "context":{"id":"bc0a4729-3227-4118-bce6-5baa82d96b8b", "isDeleted:":"true", "version":"1697727921315"}}
{"logTime": "0501/194915", "correlationVector":"STtWnoAsJSVxFCRSjbn7Uw.42","action":"GetUpdates", "result":"DeleteReceived", "context":{"id":"06eebd10-61d2-4c98-a06d-f0234c858714", "isDeleted:":"true", "version":"1697727922971"}}
{"logTime": "0501/194915", "correlationVector":"STtWnoAsJSVxFCRSjbn7Uw.43","action":"GetUpdates", "result":"DeleteReceived", "context":{"id":"963c98db-c4e4-40a9-86fe-59b74c67c9df", "isDeleted:":"true", "version":"1697727923659"}}
{"logTime": "0501/194915", "correlationVector":"STtWnoAsJSVxFCRSjbn7Uw.44","action":"GetUpdates", "result":"DeleteReceived", "context":{"id":"b94e9e30-a9b0-44bf-9709-f7d7c5084a3c", "isDeleted:":"true", "version":"1697727924192"}}
{"logTime": "0501/194915", "correlationVector":"STtWnoAsJSVxFCRSjbn7Uw.45","action":"GetUpdates", "result":"DeleteReceived", "context":{"id":"e0f4e627-725b-4177-8100-91345a3b7f6d", "isDeleted:":"true", "version":"1699374496460"}}
{"logTime": "0501/194915", "correlationVector":"STtWnoAsJSVxFCRSjbn7Uw.46","action":"GetUpdates", "result":"DeleteReceived", "context":{"id":"e38fba30-2085-423c-bc7d-5d61952e6367", "isDeleted:":"true", "version":"1699374496461"}}
{"logTime": "0501/194915", "correlationVector":"STtWnoAsJSVxFCRSjbn7Uw.47","action":"GetUpdates", "result":"DeleteReceived", "context":{"id":"5b5fe51a-0e63-4819-97b7-2abeedefd423", "isDeleted:":"true", "version":"1702756796371"}}
{"logTime": "0501/194915", "correlationVector":"STtWnoAsJSVxFCRSjbn7Uw.48","action":"GetUpdates", "result":"DeleteReceived", "context":{"id":"9535bb30-b914-454c-b822-0f744d5529d7", "isDeleted:":"true", "version":"1702756796962"}}
{"logTime": "0501/194915", "correlationVector":"STtWnoAsJSVxFCRSjbn7Uw.49","action":"GetUpdates", "result":"DeleteReceived", "context":{"id":"887f478b-6bfa-4cfe-a672-8d24ca3feed5", "isDeleted:":"true", "version":"1702756841001"}}
{"logTime": "0501/194915", "correlationVector":"STtWnoAsJSVxFCRSjbn7Uw.50","action":"GetUpdates", "result":"DeleteReceived", "context":{"id":"d002a229-7fde-4e38-8834-c78048a63e69", "isDeleted:":"true", "version":"1708693859049"}}
{"logTime": "0501/194915", "correlationVector":"STtWnoAsJSVxFCRSjbn7Uw.51","action":"GetUpdates", "result":"DeleteReceived", "context":{"id":"5cf1f4e1-63e6-405f-b8c1-d65006d9a43e", "isDeleted:":"true", "version":"1708693859857"}}
{"logTime": "0501/194915", "correlationVector":"STtWnoAsJSVxFCRSjbn7Uw.52","action":"GetUpdates", "result":"DeleteReceived", "context":{"id":"88470d43-ee5e-4415-bfa3-e4e7d357dd6a", "isDeleted:":"true", "version":"1708693860424"}}
{"logTime": "0501/194915", "correlationVector":"STtWnoAsJSVxFCRSjbn7Uw.53","action":"GetUpdates", "result":"DeleteReceived", "context":{"id":"13c99108-226e-452f-a990-2b627b92d4da", "isDeleted:":"true", "version":"1713741887404"}}
{"logTime": "0501/194915", "correlationVector":"STtWnoAsJSVxFCRSjbn7Uw.54","action":"GetUpdates Response", "result":"Success", "context":Received 142 update(s). cV=STtWnoAsJSVxFCRSjbn7Uw.0;server=GENERAL01000014;cloudType=Consumer;environment=Prod_WestEurope_x00e;migrationStage=NotStarted}
{"logTime": "0501/194915", "correlationVector":"CWi/NI6BKzCGTbm5d56EJY","action":"SyncServerConnectionManagerRequest", "result":"SYNC_SERVER_OK", "context":{"environment":"", "migrationStage":"", "server":""}}
{"logTime": "0501/194915", "correlationVector":"GiPCVgR4Lz/VKi6eyrVVy9","action":"Initial GetUpdates", "result":"", "context":Reason: NEWLY_SUPPORTED_DATATYPE. cV=GiPCVgR4Lz/VKi6eyrVVy9}
{"logTime": "0501/194915", "correlationVector":"GiPCVgR4Lz/VKi6eyrVVy9.1","action":"SyncServerConnectionManagerRequest", "result":"SYNC_SERVER_OK", "context":{"environment":"Prod_WestEurope_x00e", "migrationStage":"NotStarted", "server":"general0200001X"}}
{"logTime": "0501/194915", "correlationVector":"GiPCVgR4Lz/VKi6eyrVVy9.2","action":"GetUpdates Response", "result":"Success", "context":Received 0 update(s). cV=GiPCVgR4Lz/VKi6eyrVVy9.0;server=general0200001X;cloudType=Consumer;environment=Prod_WestEurope_x00e;migrationStage=NotStarted}
{"logTime": "0501/194915", "correlationVector":"8/3xMtlOF7TYGJlxlGsjxj","action":"Normal GetUpdate request", "result":"", "context":cV=8/3xMtlOF7TYGJlxlGsjxj
Nudged types: Sessions
Refresh requested types: Bookmarks, Preferences, Passwords, Autofill Profiles, Autofill, Typed URLs, Extensions, Sessions, Extension settings, History Delete Directives, Device Info, User Consents, Send Tab To Self, Web Apps, Collection, Edge E Drop, Edge Hub App Usage, Edge Tab Group, Edge Wallet, Encryption Keys}
{"logTime": "0501/194915", "correlationVector":"8/3xMtlOF7TYGJlxlGsjxj.1","action":"SyncServerConnectionManagerRequest", "result":"SYNC_SERVER_OK", "context":{"environment":"Prod_WestEurope_x00e", "migrationStage":"NotStarted", "server":"GENERAL0100001T"}}
{"logTime": "0501/194915", "correlationVector":"8/3xMtlOF7TYGJlxlGsjxj.2","action":"GetUpdates Response", "result":"Success", "context":Received 4 update(s). cV=8/3xMtlOF7TYGJlxlGsjxj.0;server=GENERAL0100001T;cloudType=Consumer;environment=Prod_WestEurope_x00e;migrationStage=NotStarted}
{"logTime": "0501/194915", "correlationVector":"U1Qb4Rjs3I4zGz3GxDWQng","action":"Commit Request", "result":"", "context":Item count: 3
Contributing types: Sessions}
{"logTime": "0501/194915", "correlationVector":"U1Qb4Rjs3I4zGz3GxDWQng.1","action":"SyncServerConnectionManagerRequest", "result":"SYNC_SERVER_OK", "context":{"environment":"Prod_WestEurope_x00e", "migrationStage":"NotStarted", "server":"GENERAL0100000B"}}
{"logTime": "0501/194915", "correlationVector":"U1Qb4Rjs3I4zGz3GxDWQng.3","action":"Commit.Sessions", "result":"Success", "context":{"id":"3fca2d56-fb17-4950-8644-910e6371ef27", "isDeleted":"true", "size":"0", "version":"1714587908389"}}
{"logTime": "0501/194915", "correlationVector":"U1Qb4Rjs3I4zGz3GxDWQng.2","action":"Commit Response", "result":"Success", "context":Result: Success. cV=U1Qb4Rjs3I4zGz3GxDWQng.0;server=GENERAL0100000B;cloudType=Consumer;environment=Prod_WestEurope_x00e;migrationStage=NotStarted}
{"logTime": "0501/194918", "correlationVector":"fynrhqwR/RW+6BQJWWQXv8","action":"Normal GetUpdate request", "result":"", "context":cV=fynrhqwR/RW+6BQJWWQXv8
Nudged types: Preferences, Passwords, Sessions}
{"logTime": "0501/194919", "correlationVector":"fynrhqwR/RW+6BQJWWQXv8.1","action":"SyncServerConnectionManagerRequest", "result":"SYNC_SERVER_OK", "context":{"environment":"Prod_WestEurope_x00e", "migrationStage":"NotStarted", "server":"GENERAL01000010"}}
{"logTime": "0501/194919", "correlationVector":"fynrhqwR/RW+6BQJWWQXv8.2","action":"GetUpdates", "result":"DeleteReceived", "context":{"id":"3fca2d56-fb17-4950-8644-910e6371ef27", "isDeleted:":"true", "version":"1714592946689"}}
{"logTime": "0501/194919", "correlationVector":"fynrhqwR/RW+6BQJWWQXv8.3","action":"GetUpdates Response", "result":"Success", "context":Received 3 update(s). cV=fynrhqwR/RW+6BQJWWQXv8.0;server=GENERAL01000010;cloudType=Consumer;environment=Prod_WestEurope_x00e;migrationStage=NotStarted}
{"logTime": "0501/194919", "correlationVector":"0L6QtDWoaNc7ZVoyUfPqIN","action":"Commit Request", "result":"", "context":Item count: 10
Contributing types: Preferences, Passwords, Sessions}
{"logTime": "0501/194920", "correlationVector":"0L6QtDWoaNc7ZVoyUfPqIN.1","action":"SyncServerConnectionManagerRequest", "result":"SYNC_SERVER_OK", "context":{"environment":"Prod_WestEurope_x00e", "migrationStage":"NotStarted", "server":"GENERAL02000008"}}
{"logTime": "0501/194920", "correlationVector":"0L6QtDWoaNc7ZVoyUfPqIN.2","action":"Commit Response", "result":"Success", "context":Result: Success. cV=0L6QtDWoaNc7ZVoyUfPqIN.0;server=GENERAL02000008;cloudType=Consumer;environment=Prod_WestEurope_x00e;migrationStage=NotStarted}
{"logTime": "0501/194955", "correlationVector":"FIxA0i5BdJx6Gvd3VuQy9G","action":"Commit Request", "result":"", "context":Item count: 1
Contributing types: Preferences}
{"logTime": "0501/194956", "correlationVector":"FIxA0i5BdJx6Gvd3VuQy9G.1","action":"SyncServerConnectionManagerRequest", "result":"SYNC_SERVER_OK", "context":{"environment":"Prod_WestEurope_x00e", "migrationStage":"NotStarted", "server":"GENERAL0100000N"}}
{"logTime": "0501/194956", "correlationVector":"FIxA0i5BdJx6Gvd3VuQy9G.2","action":"Commit Response", "result":"Success", "context":Result: Success. cV=FIxA0i5BdJx6Gvd3VuQy9G.0;server=GENERAL0100000N;cloudType=Consumer;environment=Prod_WestEurope_x00e;migrationStage=NotStarted}
{"logTime": "0501/195009", "correlationVector":"BVUcfomR4m72ec4ivxodWB","action":"Commit Request", "result":"", "context":Item count: 1
Contributing types: Sessions}
{"logTime": "0501/195009", "correlationVector":"BVUcfomR4m72ec4ivxodWB.1","action":"SyncServerConnectionManagerRequest", "result":"SYNC_SERVER_OK", "context":{"environment":"Prod_WestEurope_x00e", "migrationStage":"NotStarted", "server":"GENERAL01000029"}}
{"logTime": "0501/195009", "correlationVector":"BVUcfomR4m72ec4ivxodWB.2","action":"Commit Response", "result":"Success", "context":Result: Success. cV=BVUcfomR4m72ec4ivxodWB.0;server=GENERAL01000029;cloudType=Consumer;environment=Prod_WestEurope_x00e;migrationStage=NotStarted}
{"logTime": "0501/195408", "correlationVector":"3DWtQIdUF/MgYrD19GPa4R","action":"Normal GetUpdate request", "result":"", "context":cV=3DWtQIdUF/MgYrD19GPa4R
Refresh requested types: Bookmarks, Preferences, Passwords, Autofill Profiles, Autofill, Typed URLs, Extensions, Sessions, Extension settings, History Delete Directives, Device Info, User Consents, Send Tab To Self, Web Apps, Collection, Edge E Drop, Edge Hub App Usage, Edge Tab Group, Edge Wallet, Encryption Keys}
{"logTime": "0501/195408", "correlationVector":"3DWtQIdUF/MgYrD19GPa4R.1","action":"SyncServerConnectionManagerRequest", "result":"SYNC_SERVER_OK", "context":{"environment":"Prod_WestEurope_x00e", "migrationStage":"NotStarted", "server":"GENERAL0200002B"}}
{"logTime": "0501/195408", "correlationVector":"3DWtQIdUF/MgYrD19GPa4R.2","action":"GetUpdates Response", "result":"Success", "context":Received 11 update(s). cV=3DWtQIdUF/MgYrD19GPa4R.0;server=GENERAL0200002B;cloudType=Consumer;environment=Prod_WestEurope_x00e;migrationStage=NotStarted}
{"logTime": "0501/200107", "correlationVector":"O2rHI+rmecU2qrCMAf9Dsw","action":"Commit Request", "result":"", "context":Item count: 1
Contributing types: Typed URLs}
{"logTime": "0501/200108", "correlationVector":"O2rHI+rmecU2qrCMAf9Dsw.1","action":"SyncServerConnectionManagerRequest", "result":"SYNC_SERVER_OK", "context":{"environment":"Prod_WestEurope_x00e", "migrationStage":"NotStarted", "server":"GENERAL0200002K"}}
{"logTime": "0501/200108", "correlationVector":"O2rHI+rmecU2qrCMAf9Dsw.2","action":"Commit Response", "result":"Success", "context":Result: Success. cV=O2rHI+rmecU2qrCMAf9Dsw.0;server=GENERAL0200002K;cloudType=Consumer;environment=Prod_WestEurope_x00e;migrationStage=NotStarted}
{"logTime": "0501/212036", "correlationVector":"aPAh8Of1UJ2eVQfYJAjN/n.1","action":"SyncServerConnectionManagerRequest", "result":"SYNC_SERVER_OK", "context":{"environment":"Prod_WestEurope_x00e", "migrationStage":"NotStarted", "server":"general01000011"}}
{"logTime": "0501/212036", "correlationVector":"aPAh8Of1UJ2eVQfYJAjN/n","action":"Initial GetUpdates", "result":"", "context":Reason: NEW_CLIENT. cV=aPAh8Of1UJ2eVQfYJAjN/n}
{"logTime": "0501/212036", "correlationVector":"aPAh8Of1UJ2eVQfYJAjN/n.2","action":"GetUpdates Response", "result":"Success", "context":Received 1 update(s). cV=aPAh8Of1UJ2eVQfYJAjN/n.0;server=general01000011;cloudType=Consumer;environment=Prod_WestEurope_x00e;migrationStage=NotStarted}
{"logTime": "0501/212036", "correlationVector":"ftwgtejujL40TPsrJcaTaD","action":"Initial GetUpdates", "result":"", "context":Reason: NEWLY_SUPPORTED_DATATYPE. cV=ftwgtejujL40TPsrJcaTaD}
{"logTime": "0501/212036", "correlationVector":"ftwgtejujL40TPsrJcaTaD.1","action":"SyncServerConnectionManagerRequest", "result":"SYNC_SERVER_OK", "context":{"environment":"Prod_WestEurope_x00e", "migrationStage":"NotStarted", "server":"GENERAL0100000Y"}}
{"logTime": "0501/212036", "correlationVector":"ftwgtejujL40TPsrJcaTaD.2","action":"GetUpdates", "result":"DeleteReceived", "context":{"id":"f44efb67-9175-46a6-8e8e-fec61c370d15", "isDeleted:":"true", "version":"1685054964396"}}
{"logTime": "0501/212036", "correlationVector":"ftwgtejujL40TPsrJcaTaD.3","action":"GetUpdates", "result":"DeleteReceived", "context":{"id":"1875ee33-c60b-4c83-a023-291c5739b8f1", "isDeleted:":"true", "version":"1685054965206"}}
{"logTime": "0501/212036", "correlationVector":"ftwgtejujL40TPsrJcaTaD.4","action":"GetUpdates", "result":"DeleteReceived", "context":{"id":"c28e1aaf-150d-4cb9-948d-e99aa4775aac", "isDeleted:":"true", "version":"1685054965673"}}
{"logTime": "0501/212036", "correlationVector":"ftwgtejujL40TPsrJcaTaD.5","action":"GetUpdates", "result":"DeleteReceived", "context":{"id":"29614906-3978-44af-b2ae-ef6af64daff2", "isDeleted:":"true", "version":"1685054966831"}}
{"logTime": "0501/212036", "correlationVector":"ftwgtejujL40TPsrJcaTaD.6","action":"GetUpdates", "result":"DeleteReceived", "context":{"id":"0b63778f-c7bb-422c-a6ce-918026e29be7", "isDeleted:":"true", "version":"1685054972895"}}
{"logTime": "0501/212036", "correlationVector":"ftwgtejujL40TPsrJcaTaD.7","action":"GetUpdates", "result":"DeleteReceived", "context":{"id":"c9495d2b-853b-4bcf-a46e-893cf9e4e85a", "isDeleted:":"true", "version":"1685054982501"}}
{"logTime": "0501/212036", "correlationVector":"ftwgtejujL40TPsrJcaTaD.8","action":"GetUpdates", "result":"DeleteReceived", "context":{"id":"e8edd386-8ce2-4cee-8e73-4dd0cdc98b6f", "isDeleted:":"true", "version":"1685054984357"}}
{"logTime": "0501/212036", "correlationVector":"ftwgtejujL40TPsrJcaTaD.9","action":"GetUpdates", "result":"DeleteReceived", "context":{"id":"9b378d83-e641-45c9-bae5-1cce7ae41dbc", "isDeleted:":"true", "version":"1685054984998"}}
{"logTime": "0501/212036", "correlationVector":"ftwgtejujL40TPsrJcaTaD.10","action":"GetUpdates", "result":"DeleteReceived", "context":{"id":"8c2d8d6f-ad08-45fd-b6a1-b5f9d5bf9069", "isDeleted:":"true", "version":"1686909443815"}}
{"logTime": "0501/212036", "correlationVector":"ftwgtejujL40TPsrJcaTaD.11","action":"GetUpdates", "result":"DeleteReceived", "context":{"id":"b5ac0f0d-bb70-40a3-8662-4af6d13ae8dd", "isDeleted:":"true", "version":"1687136986476"}}
{"logTime": "0501/212036", "correlationVector":"ftwgtejujL40TPsrJcaTaD.12","action":"GetUpdates", "result":"DeleteReceived", "context":{"id":"2b91d2c8-3c63-48c9-8550-af20898e03a9", "isDeleted:":"true", "version":"1687162703935"}}
{"logTime": "0501/212036", "correlationVector":"ftwgtejujL40TPsrJcaTaD.13","action":"GetUpdates", "result":"DeleteReceived", "context":{"id":"43a883a9-acc0-4403-ba0d-b71008a16b9e", "isDeleted:":"true", "version":"1691105736986"}}
{"logTime": "0501/212036", "correlationVector":"ftwgtejujL40TPsrJcaTaD.14","action":"GetUpdates", "result":"DeleteReceived", "context":{"id":"d2e81bcc-d19f-4b74-81a6-66ad2c22d4d9", "isDeleted:":"true", "version":"1693923667596"}}
{"logTime": "0501/212036", "correlationVector":"ftwgtejujL40TPsrJcaTaD.15","action":"GetUpdates", "result":"DeleteReceived", "context":{"id":"9b51464b-554c-4bc7-b756-8dd09236a0f8", "isDeleted:":"true", "version":"1697727856171"}}
{"logTime": "0501/212036", "correlationVector":"ftwgtejujL40TPsrJcaTaD.16","action":"GetUpdates", "result":"DeleteReceived", "context":{"id":"38c3d99f-1a1c-4a5f-92e7-914fdfcc4d8c", "isDeleted:":"true", "version":"1697727856808"}}
{"logTime": "0501/212036", "correlationVector":"ftwgtejujL40TPsrJcaTaD.17","action":"GetUpdates", "result":"DeleteReceived", "context":{"id":"8a833455-4e23-497a-b81b-18ffa45f7fb9", "isDeleted:":"true", "version":"1697727860692"}}
{"logTime": "0501/212036", "correlationVector":"ftwgtejujL40TPsrJcaTaD.18","action":"GetUpdates", "result":"DeleteReceived", "context":{"id":"72e43453-d9d3-4521-b310-f465a4c2de9e", "isDeleted:":"true", "version":"1697727861806"}}
{"logTime": "0501/212036", "correlationVector":"ftwgtejujL40TPsrJcaTaD.19","action":"GetUpdates", "result":"DeleteReceived", "context":{"id":"ebaa256e-b815-4920-a14b-1d1926fd263f", "isDeleted:":"true", "version":"1697727862486"}}
{"logTime": "0501/212036", "correlationVector":"ftwgtejujL40TPsrJcaTaD.20","action":"GetUpdates", "result":"DeleteReceived", "context":{"id":"f54c2610-7d26-4532-bcc8-adeee1d6579f", "isDeleted:":"true", "version":"1697727863675"}}
{"logTime": "0501/212036", "correlationVector":"ftwgtejujL40TPsrJcaTaD.21","action":"GetUpdates", "result":"DeleteReceived", "context":{"id":"c233e2ff-daa5-4b89-b548-4f06ab739803", "isDeleted:":"true", "version":"1697727864689"}}
{"logTime": "0501/212036", "correlationVector":"ftwgtejujL40TPsrJcaTaD.22","action":"GetUpdates", "result":"DeleteReceived", "context":{"id":"7edefbd3-8a28-4b2b-a287-2a07095501a9", "isDeleted:":"true", "version":"1697727865191"}}
{"logTime": "0501/212036", "correlationVector":"ftwgtejujL40TPsrJcaTaD.23","action":"GetUpdates", "result":"DeleteReceived", "context":{"id":"d9bfd5d9-ca6b-405a-b9e1-ffcdc2b5c0d4", "isDeleted:":"true", "version":"1697727866283"}}
{"logTime": "0501/212036", "correlationVector":"ftwgtejujL40TPsrJcaTaD.24","action":"GetUpdates", "result":"DeleteReceived", "context":{"id":"bf000734-9615-4ce7-a36b-746846bef560", "isDeleted:":"true", "version":"1697727866830"}}
{"logTime": "0501/212036", "correlationVector":"ftwgtejujL40TPsrJcaTaD.25","action":"GetUpdates", "result":"DeleteReceived", "context":{"id":"a8584b57-f272-4c0d-a10c-64dcb14ab8fd", "isDeleted:":"true", "version":"1697727868396"}}
{"logTime": "0501/212036", "correlationVector":"ftwgtejujL40TPsrJcaTaD.26","action":"GetUpdates", "result":"DeleteReceived", "context":{"id":"4debfe81-06d9-4b5d-87cf-d771098d0c86", "isDeleted:":"true", "version":"1697727869449"}}
{"logTime": "0501/212036", "correlationVector":"ftwgtejujL40TPsrJcaTaD.27","action":"GetUpdates", "result":"DeleteReceived", "context":{"id":"bc8af6c8-6abe-46c3-b005-07e012f32710", "isDeleted:":"true", "version":"1697727874711"}}
{"logTime": "0501/212036", "correlationVector":"ftwgtejujL40TPsrJcaTaD.28","action":"GetUpdates", "result":"DeleteReceived", "context":{"id":"e071511b-0104-42e0-86a3-d3d8e5e59a3b", "isDeleted:":"true", "version":"1697727875612"}}
{"logTime": "0501/212036", "correlationVector":"ftwgtejujL40TPsrJcaTaD.29","action":"GetUpdates", "result":"DeleteReceived", "context":{"id":"fdfd6caa-d67d-4e20-a3b8-3c0e58f91f3f", "isDeleted:":"true", "version":"1697727879317"}}
{"logTime": "0501/212036", "correlationVector":"ftwgtejujL40TPsrJcaTaD.30","action":"GetUpdates", "result":"DeleteReceived", "context":{"id":"046acf4b-d93a-434a-b2ec-fa271ea690f4", "isDeleted:":"true", "version":"1697727880184"}}
{"logTime": "0501/212036", "correlationVector":"ftwgtejujL40TPsrJcaTaD.31","action":"GetUpdates", "result":"DeleteReceived", "context":{"id":"1e0f6040-c47e-4620-939b-17f0d16a0c64", "isDeleted:":"true", "version":"1697727880751"}}
{"logTime": "0501/212036", "correlationVector":"ftwgtejujL40TPsrJcaTaD.32","action":"GetUpdates", "result":"DeleteReceived", "context":{"id":"7b024b68-8729-4a23-b24c-5b19e410d38d", "isDeleted:":"true", "version":"1697727881614"}}
{"logTime": "0501/212036", "correlationVector":"ftwgtejujL40TPsrJcaTaD.33","action":"GetUpdates", "result":"DeleteReceived", "context":{"id":"6ee034ce-f998-4bf9-a7f8-5b959fb37d43", "isDeleted:":"true", "version":"1697727882775"}}
{"logTime": "0501/212036", "correlationVector":"ftwgtejujL40TPsrJcaTaD.34","action":"GetUpdates", "result":"DeleteReceived", "context":{"id":"b2c1fc77-2a9a-4f2f-8189-6e00283ba490", "isDeleted:":"true", "version":"1697727884437"}}
{"logTime": "0501/212036", "correlationVector":"ftwgtejujL40TPsrJcaTaD.35","action":"GetUpdates", "result":"DeleteReceived", "context":{"id":"928a4c2d-51ca-4cf2-9569-fa8fc3bb3cdf", "isDeleted:":"true", "version":"1697727885668"}}
{"logTime": "0501/212036", "correlationVector":"ftwgtejujL40TPsrJcaTaD.36","action":"GetUpdates", "result":"DeleteReceived", "context":{"id":"eb0e5cda-718a-4aeb-8c2b-e2e910a0d180", "isDeleted:":"true", "version":"1697727886229"}}
{"logTime": "0501/212036", "correlationVector":"ftwgtejujL40TPsrJcaTaD.37","action":"GetUpdates", "result":"DeleteReceived", "context":{"id":"28f8e1ac-6469-4ac1-a0b2-996be618fd8d", "isDeleted:":"true", "version":"1697727917468"}}
{"logTime": "0501/212036", "correlationVector":"ftwgtejujL40TPsrJcaTaD.38","action":"GetUpdates", "result":"DeleteReceived", "context":{"id":"d78038bb-f22c-4ba3-82ed-98cb40f5b144", "isDeleted:":"true", "version":"1697727918346"}}
{"logTime": "0501/212036", "correlationVector":"ftwgtejujL40TPsrJcaTaD.39","action":"GetUpdates", "result":"DeleteReceived", "context":{"id":"9a5f9d4c-7427-4100-acf4-1534b936d526", "isDeleted:":"true", "version":"1697727919630"}}
{"logTime": "0501/212036", "correlationVector":"ftwgtejujL40TPsrJcaTaD.40","action":"GetUpdates", "result":"DeleteReceived", "context":{"id":"83c0e0fe-8a7d-47fa-a3cd-1945eda780ae", "isDeleted:":"true", "version":"1697727920753"}}
{"logTime": "0501/212036", "correlationVector":"ftwgtejujL40TPsrJcaTaD.41","action":"GetUpdates", "result":"DeleteReceived", "context":{"id":"bc0a4729-3227-4118-bce6-5baa82d96b8b", "isDeleted:":"true", "version":"1697727921315"}}
{"logTime": "0501/212036", "correlationVector":"ftwgtejujL40TPsrJcaTaD.42","action":"GetUpdates", "result":"DeleteReceived", "context":{"id":"06eebd10-61d2-4c98-a06d-f0234c858714", "isDeleted:":"true", "version":"1697727922971"}}
{"logTime": "0501/212036", "correlationVector":"ftwgtejujL40TPsrJcaTaD.43","action":"GetUpdates", "result":"DeleteReceived", "context":{"id":"963c98db-c4e4-40a9-86fe-59b74c67c9df", "isDeleted:":"true", "version":"1697727923659"}}
{"logTime": "0501/212036", "correlationVector":"ftwgtejujL40TPsrJcaTaD.44","action":"GetUpdates", "result":"DeleteReceived", "context":{"id":"b94e9e30-a9b0-44bf-9709-f7d7c5084a3c", "isDeleted:":"true", "version":"1697727924192"}}
{"logTime": "0501/212036", "correlationVector":"ftwgtejujL40TPsrJcaTaD.45","action":"GetUpdates", "result":"DeleteReceived", "context":{"id":"e0f4e627-725b-4177-8100-91345a3b7f6d", "isDeleted:":"true", "version":"1699374496460"}}
{"logTime": "0501/212036", "correlationVector":"ftwgtejujL40TPsrJcaTaD.46","action":"GetUpdates", "result":"DeleteReceived", "context":{"id":"e38fba30-2085-423c-bc7d-5d61952e6367", "isDeleted:":"true", "version":"1699374496461"}}
{"logTime": "0501/212036", "correlationVector":"ftwgtejujL40TPsrJcaTaD.47","action":"GetUpdates", "result":"DeleteReceived", "context":{"id":"5b5fe51a-0e63-4819-97b7-2abeedefd423", "isDeleted:":"true", "version":"1702756796371"}}
{"logTime": "0501/212036", "correlationVector":"ftwgtejujL40TPsrJcaTaD.48","action":"GetUpdates", "result":"DeleteReceived", "context":{"id":"9535bb30-b914-454c-b822-0f744d5529d7", "isDeleted:":"true", "version":"1702756796962"}}
{"logTime": "0501/212036", "correlationVector":"ftwgtejujL40TPsrJcaTaD.49","action":"GetUpdates", "result":"DeleteReceived", "context":{"id":"887f478b-6bfa-4cfe-a672-8d24ca3feed5", "isDeleted:":"true", "version":"1702756841001"}}
{"logTime": "0501/212036", "correlationVector":"ftwgtejujL40TPsrJcaTaD.50","action":"GetUpdates", "result":"DeleteReceived", "context":{"id":"d002a229-7fde-4e38-8834-c78048a63e69", "isDeleted:":"true", "version":"1708693859049"}}
{"logTime": "0501/212036", "correlationVector":"ftwgtejujL40TPsrJcaTaD.51","action":"GetUpdates", "result":"DeleteReceived", "context":{"id":"5cf1f4e1-63e6-405f-b8c1-d65006d9a43e", "isDeleted:":"true", "version":"1708693859857"}}
{"logTime": "0501/212036", "correlationVector":"ftwgtejujL40TPsrJcaTaD.52","action":"GetUpdates", "result":"DeleteReceived", "context":{"id":"88470d43-ee5e-4415-bfa3-e4e7d357dd6a", "isDeleted:":"true", "version":"1708693860424"}}
{"logTime": "0501/212036", "correlationVector":"ftwgtejujL40TPsrJcaTaD.53","action":"GetUpdates", "result":"DeleteReceived", "context":{"id":"13c99108-226e-452f-a990-2b627b92d4da", "isDeleted:":"true", "version":"1713741887404"}}
{"logTime": "0501/212036", "correlationVector":"ftwgtejujL40TPsrJcaTaD.54","action":"GetUpdates Response", "result":"Success", "context":Received 142 update(s). cV=ftwgtejujL40TPsrJcaTaD.0;server=GENERAL0100000Y;cloudType=Consumer;environment=Prod_WestEurope_x00e;migrationStage=NotStarted}
{"logTime": "0501/212036", "correlationVector":"3/JT4uYJlcU2feFbBwQjp8","action":"SyncServerConnectionManagerRequest", "result":"SYNC_SERVER_OK", "context":{"environment":"", "migrationStage":"", "server":""}}
{"logTime": "0501/212036", "correlationVector":"Ogd/oJCOqOjr6xlD1tB+1Q","action":"Initial GetUpdates", "result":"", "context":Reason: NEWLY_SUPPORTED_DATATYPE. cV=Ogd/oJCOqOjr6xlD1tB+1Q}
{"logTime": "0501/212037", "correlationVector":"Ogd/oJCOqOjr6xlD1tB+1Q.1","action":"SyncServerConnectionManagerRequest", "result":"SYNC_SERVER_OK", "context":{"environment":"Prod_WestEurope_x00e", "migrationStage":"NotStarted", "server":"general0100000U"}}
{"logTime": "0501/212037", "correlationVector":"Ogd/oJCOqOjr6xlD1tB+1Q.2","action":"GetUpdates Response", "result":"Success", "context":Received 0 update(s). cV=Ogd/oJCOqOjr6xlD1tB+1Q.0;server=general0100000U;cloudType=Consumer;environment=Prod_WestEurope_x00e;migrationStage=NotStarted}
{"logTime": "0501/212037", "correlationVector":"9UQEO8mI0j0IADm5MD6zOU","action":"Normal GetUpdate request", "result":"", "context":cV=9UQEO8mI0j0IADm5MD6zOU
Nudged types: Sessions
Refresh requested types: Bookmarks, Preferences, Passwords, Autofill Profiles, Autofill, Typed URLs, Extensions, Sessions, Extension settings, History Delete Directives, Device Info, User Consents, Send Tab To Self, Web Apps, Collection, Edge E Drop, Edge Hub App Usage, Edge Tab Group, Edge Wallet, Encryption Keys}
{"logTime": "0501/212037", "correlationVector":"9UQEO8mI0j0IADm5MD6zOU.1","action":"SyncServerConnectionManagerRequest", "result":"SYNC_SERVER_OK", "context":{"environment":"Prod_WestEurope_x00e", "migrationStage":"NotStarted", "server":"GENERAL0200001B"}}
{"logTime": "0501/212037", "correlationVector":"9UQEO8mI0j0IADm5MD6zOU.2","action":"GetUpdates Response", "result":"Success", "context":Received 2 update(s). cV=9UQEO8mI0j0IADm5MD6zOU.0;server=GENERAL0200001B;cloudType=Consumer;environment=Prod_WestEurope_x00e;migrationStage=NotStarted}
{"logTime": "0501/212037", "correlationVector":"Z+bglkqEJ7QPpEK6gBS3qZ","action":"Commit Request", "result":"", "context":Item count: 3
Contributing types: Sessions}
{"logTime": "0501/212037", "correlationVector":"Z+bglkqEJ7QPpEK6gBS3qZ.1","action":"SyncServerConnectionManagerRequest", "result":"SYNC_SERVER_OK", "context":{"environment":"Prod_WestEurope_x00e", "migrationStage":"NotStarted", "server":"GENERAL0100000V"}}
{"logTime": "0501/212037", "correlationVector":"Z+bglkqEJ7QPpEK6gBS3qZ.3","action":"Commit.Sessions", "result":"Success", "context":{"id":"63817945-946d-4b63-bb4b-092d50b6da2c", "isDeleted":"true", "size":"0", "version":"1714593005691"}}
{"logTime": "0501/212037", "correlationVector":"Z+bglkqEJ7QPpEK6gBS3qZ.2","action":"Commit Response", "result":"Success", "context":Result: Success. cV=Z+bglkqEJ7QPpEK6gBS3qZ.0;server=GENERAL0100000V;cloudType=Consumer;environment=Prod_WestEurope_x00e;migrationStage=NotStarted}
{"logTime": "0501/212105", "correlationVector":"Wg2O2I63Zw0sjPYhTWNozm","action":"Normal GetUpdate request", "result":"", "context":cV=Wg2O2I63Zw0sjPYhTWNozm
Nudged types: Preferences, Sessions}
{"logTime": "0501/212105", "correlationVector":"Wg2O2I63Zw0sjPYhTWNozm.1","action":"SyncServerConnectionManagerRequest", "result":"SYNC_SERVER_OK", "context":{"environment":"Prod_WestEurope_x00e", "migrationStage":"NotStarted", "server":"GENERAL0200000W"}}
{"logTime": "0501/212105", "correlationVector":"Wg2O2I63Zw0sjPYhTWNozm.2","action":"GetUpdates", "result":"DeleteReceived", "context":{"id":"63817945-946d-4b63-bb4b-092d50b6da2c", "isDeleted:":"true", "version":"1714598433534"}}
{"logTime": "0501/212105", "correlationVector":"Wg2O2I63Zw0sjPYhTWNozm.3","action":"GetUpdates Response", "result":"Success", "context":Received 3 update(s). cV=Wg2O2I63Zw0sjPYhTWNozm.0;server=GENERAL0200000W;cloudType=Consumer;environment=Prod_WestEurope_x00e;migrationStage=NotStarted}
{"logTime": "0501/212105", "correlationVector":"3yrAnpD9PPNj2gQfmJO2Oq","action":"Commit Request", "result":"", "context":Item count: 1
Contributing types: Preferences}
{"logTime": "0501/212106", "correlationVector":"3yrAnpD9PPNj2gQfmJO2Oq.1","action":"SyncServerConnectionManagerRequest", "result":"SYNC_SERVER_OK", "context":{"environment":"Prod_WestEurope_x00e", "migrationStage":"NotStarted", "server":"general0100000U"}}
{"logTime": "0501/212106", "correlationVector":"3yrAnpD9PPNj2gQfmJO2Oq.2","action":"Commit Response", "result":"Success", "context":Result: Success. cV=3yrAnpD9PPNj2gQfmJO2Oq.0;server=general0100000U;cloudType=Consumer;environment=Prod_WestEurope_x00e;migrationStage=NotStarted}
{"logTime": "0501/212525", "correlationVector":"7UBMi//7oCBxk0jEHRaTHp","action":"Commit Request", "result":"", "context":Item count: 1
Contributing types: Sessions}
{"logTime": "0501/212525", "correlationVector":"7UBMi//7oCBxk0jEHRaTHp.1","action":"SyncServerConnectionManagerRequest", "result":"SYNC_SERVER_OK", "context":{"environment":"Prod_WestEurope_x00e", "migrationStage":"NotStarted", "server":"GENERAL0200000Q"}}
{"logTime": "0501/212525", "correlationVector":"7UBMi//7oCBxk0jEHRaTHp.2","action":"Commit Response", "result":"Success", "context":Result: Success. cV=7UBMi//7oCBxk0jEHRaTHp.0;server=GENERAL0200000Q;cloudType=Consumer;environment=Prod_WestEurope_x00e;migrationStage=NotStarted}
{"logTime": "0501/212529", "correlationVector":"QufIISZXp/JAMXfSeGq+Kk","action":"Normal GetUpdate request", "result":"", "context":cV=QufIISZXp/JAMXfSeGq+Kk
Refresh requested types: Bookmarks, Preferences, Passwords, Autofill Profiles, Autofill, Typed URLs, Extensions, Sessions, Extension settings, History Delete Directives, Device Info, User Consents, Send Tab To Self, Web Apps, Collection, Edge E Drop, Edge Hub App Usage, Edge Tab Group, Edge Wallet, Encryption Keys}
{"logTime": "0501/212529", "correlationVector":"QufIISZXp/JAMXfSeGq+Kk.1","action":"SyncServerConnectionManagerRequest", "result":"SYNC_SERVER_OK", "context":{"environment":"Prod_WestEurope_x00e", "migrationStage":"NotStarted", "server":"general0200001X"}}
{"logTime": "0501/212529", "correlationVector":"QufIISZXp/JAMXfSeGq+Kk.2","action":"GetUpdates Response", "result":"Success", "context":Received 2 update(s). cV=QufIISZXp/JAMXfSeGq+Kk.0;server=general0200001X;cloudType=Consumer;environment=Prod_WestEurope_x00e;migrationStage=NotStarted}
{"logTime": "0501/214325", "correlationVector":"yQyJbK9VF1+FsaOKJWG/C8","action":"Commit Request", "result":"", "context":Item count: 2
Contributing types: Preferences, Edge Hub App Usage}
{"logTime": "0501/214326", "correlationVector":"yQyJbK9VF1+FsaOKJWG/C8.1","action":"SyncServerConnectionManagerRequest", "result":"SYNC_SERVER_OK", "context":{"environment":"Prod_WestEurope_000l", "migrationStage":"NotStarted", "server":"general0100000E"}}
{"logTime": "0501/214326", "correlationVector":"yQyJbK9VF1+FsaOKJWG/C8.2","action":"Commit Response", "result":"Success", "context":Result: Success. cV=yQyJbK9VF1+FsaOKJWG/C8.0;server=general0100000E;cloudType=Consumer;environment=Prod_WestEurope_000l;migrationStage=NotStarted}
{"logTime": "0501/214346", "correlationVector":"5xF646Qf50l1Rbp77BK6f3","action":"Commit Request", "result":"", "context":Item count: 3
Contributing types: Sessions, Edge Hub App Usage}
{"logTime": "0501/214346", "correlationVector":"5xF646Qf50l1Rbp77BK6f3.1","action":"SyncServerConnectionManagerRequest", "result":"SYNC_SERVER_OK", "context":{"environment":"Prod_WestEurope_000l", "migrationStage":"NotStarted", "server":"GENERAL0100000C"}}
{"logTime": "0501/214346", "correlationVector":"5xF646Qf50l1Rbp77BK6f3.2","action":"Commit Response", "result":"Success", "context":Result: Success. cV=5xF646Qf50l1Rbp77BK6f3.0;server=GENERAL0100000C;cloudType=Consumer;environment=Prod_WestEurope_000l;migrationStage=NotStarted}
{"logTime": "0501/214508", "correlationVector":"xhstHM5y+o6h46eDGyEFgK","action":"Commit Request", "result":"", "context":Item count: 1
Contributing types: Sessions}
{"logTime": "0501/214508", "correlationVector":"xhstHM5y+o6h46eDGyEFgK.1","action":"SyncServerConnectionManagerRequest", "result":"SYNC_SERVER_OK", "context":{"environment":"Prod_WestEurope_000l", "migrationStage":"NotStarted", "server":"GENERAL01000002"}}
{"logTime": "0501/214508", "correlationVector":"xhstHM5y+o6h46eDGyEFgK.2","action":"Commit Response", "result":"Success", "context":Result: Success. cV=xhstHM5y+o6h46eDGyEFgK.0;server=GENERAL01000002;cloudType=Consumer;environment=Prod_WestEurope_000l;migrationStage=NotStarted}
{"logTime": "0501/220030", "correlationVector":"YwmYrmCl1yMOxgDHWYit71","action":"Commit Request", "result":"", "context":Item count: 1
Contributing types: Preferences}
{"logTime": "0501/220031", "correlationVector":"YwmYrmCl1yMOxgDHWYit71.1","action":"SyncServerConnectionManagerRequest", "result":"SYNC_SERVER_OK", "context":{"environment":"Prod_WestEurope_000l", "migrationStage":"NotStarted", "server":"GENERAL01000026"}}
{"logTime": "0501/220031", "correlationVector":"YwmYrmCl1yMOxgDHWYit71.2","action":"Commit Response", "result":"Success", "context":Result: Success. cV=YwmYrmCl1yMOxgDHWYit71.0;server=GENERAL01000026;cloudType=Consumer;environment=Prod_WestEurope_000l;migrationStage=NotStarted}
{"logTime": "0501/220953", "correlationVector":"RkmI3R2zme5J7YMKpxoZf2","action":"Commit Request", "result":"", "context":Item count: 1
Contributing types: Sessions}
{"logTime": "0501/220953", "correlationVector":"RkmI3R2zme5J7YMKpxoZf2.1","action":"SyncServerConnectionManagerRequest", "result":"SYNC_SERVER_OK", "context":{"environment":"Prod_WestEurope_x00e", "migrationStage":"NotStarted", "server":"GENERAL0200001F"}}
{"logTime": "0501/220953", "correlationVector":"RkmI3R2zme5J7YMKpxoZf2.2","action":"Commit Response", "result":"Success", "context":Result: Success. cV=RkmI3R2zme5J7YMKpxoZf2.0;server=GENERAL0200001F;cloudType=Consumer;environment=Prod_WestEurope_x00e;migrationStage=NotStarted}
{"logTime": "0501/221036", "correlationVector":"i6iaoFJMw3ItgWrjxK71fq","action":"Commit Request", "result":"", "context":Item count: 1
Contributing types: Sessions}
{"logTime": "0501/221036", "correlationVector":"i6iaoFJMw3ItgWrjxK71fq.1","action":"SyncServerConnectionManagerRequest", "result":"SYNC_SERVER_OK", "context":{"environment":"Prod_WestEurope_x00e", "migrationStage":"NotStarted", "server":"GENERAL0100000K"}}
{"logTime": "0501/221036", "correlationVector":"i6iaoFJMw3ItgWrjxK71fq.2","action":"Commit Response", "result":"Success", "context":Result: Success. cV=i6iaoFJMw3ItgWrjxK71fq.0;server=GENERAL0100000K;cloudType=Consumer;environment=Prod_WestEurope_x00e;migrationStage=NotStarted}
{"logTime": "0501/223305", "correlationVector":"eve20xOwrd3TvsCEJMGL0Q","action":"Commit Request", "result":"", "context":Item count: 1
Contributing types: Sessions}
{"logTime": "0501/223305", "correlationVector":"eve20xOwrd3TvsCEJMGL0Q.1","action":"SyncServerConnectionManagerRequest", "result":"SYNC_SERVER_OK", "context":{"environment":"Prod_WestEurope_000l", "migrationStage":"NotStarted", "server":"GENERAL0100000B"}}
{"logTime": "0501/223305", "correlationVector":"eve20xOwrd3TvsCEJMGL0Q.2","action":"Commit Response", "result":"Success", "context":Result: Success. cV=eve20xOwrd3TvsCEJMGL0Q.0;server=GENERAL0100000B;cloudType=Consumer;environment=Prod_WestEurope_000l;migrationStage=NotStarted}
{"logTime": "0501/224955", "correlationVector":"1VY88iW5FiN4+lBQwW9k4d","action":"Commit Request", "result":"", "context":Item count: 1
Contributing types: Sessions}
{"logTime": "0501/224955", "correlationVector":"1VY88iW5FiN4+lBQwW9k4d.1","action":"SyncServerConnectionManagerRequest", "result":"SYNC_SERVER_OK", "context":{"environment":"Prod_WestEurope_x00e", "migrationStage":"NotStarted", "server":"GENERAL01000023"}}
{"logTime": "0501/224955", "correlationVector":"1VY88iW5FiN4+lBQwW9k4d.2","action":"Commit Response", "result":"Success", "context":Result: Success. cV=1VY88iW5FiN4+lBQwW9k4d.0;server=GENERAL01000023;cloudType=Consumer;environment=Prod_WestEurope_x00e;migrationStage=NotStarted}
{"logTime": "0501/225241", "correlationVector":"zDyqLFYyJJYDBYMOFqwq70","action":"Commit Request", "result":"", "context":Item count: 1
Contributing types: Sessions}
{"logTime": "0501/225241", "correlationVector":"zDyqLFYyJJYDBYMOFqwq70.1","action":"SyncServerConnectionManagerRequest", "result":"SYNC_SERVER_OK", "context":{"environment":"Prod_WestEurope_000l", "migrationStage":"NotStarted", "server":"GENERAL01000006"}}
{"logTime": "0501/225241", "correlationVector":"zDyqLFYyJJYDBYMOFqwq70.2","action":"Commit Response", "result":"Success", "context":Result: Success. cV=zDyqLFYyJJYDBYMOFqwq70.0;server=GENERAL01000006;cloudType=Consumer;environment=Prod_WestEurope_000l;migrationStage=NotStarted}
{"logTime": "0501/232521", "correlationVector":"x4cfs0cz3sSobM0Z4nFrWk","action":"Commit Request", "result":"", "context":Item count: 1
Contributing types: Sessions}
{"logTime": "0501/232522", "correlationVector":"x4cfs0cz3sSobM0Z4nFrWk.1","action":"SyncServerConnectionManagerRequest", "result":"SYNC_SERVER_OK", "context":{"environment":"Prod_WestEurope_000l", "migrationStage":"NotStarted", "server":"GENERAL01000027"}}
{"logTime": "0501/232522", "correlationVector":"x4cfs0cz3sSobM0Z4nFrWk.2","action":"Commit Response", "result":"Success", "context":Result: Success. cV=x4cfs0cz3sSobM0Z4nFrWk.0;server=GENERAL01000027;cloudType=Consumer;environment=Prod_WestEurope_000l;migrationStage=NotStarted}
